Copyright 1986-2021 Xilinx, Inc. All Rights Reserved.
----------------------------------------------------------------------------------------------------------------------------------------------------------------------
| Tool Version     : Vivado v.2021.2 (win64) Build 3367213 Tue Oct 19 02:48:09 MDT 2021
| Date             : Mon Apr 11 16:10:02 2022
| Host             : DESKTOP-8HM7LCH running 64-bit major release  (build 9200)
| Command          : report_power -file TOP_UART_wrapper_power_routed.rpt -pb TOP_UART_wrapper_power_summary_routed.pb -rpx TOP_UART_wrapper_power_routed.rpx
| Design           : TOP_UART_wrapper
| Device           : xc7k325tffg900-2
| Design State     : routed
| Grade            : commercial
| Process          : typical
| Characterization : Production
----------------------------------------------------------------------------------------------------------------------------------------------------------------------

Power Report

Table of Contents
-----------------
1. Summary
1.1 On-Chip Components
1.2 Power Supply Summary
1.3 Confidence Level
2. Settings
2.1 Environment
2.2 Clock Constraints
3. Detailed Reports
3.1 By Hierarchy

1. Summary
----------

+--------------------------+--------------+
| Total On-Chip Power (W)  | 0.310        |
| Design Power Budget (W)  | Unspecified* |
| Power Budget Margin (W)  | NA           |
| Dynamic (W)              | 0.149        |
| Device Static (W)        | 0.161        |
| Effective TJA (C/W)      | 1.8          |
| Max Ambient (C)          | 84.4         |
| Junction Temperature (C) | 25.6         |
| Confidence Level         | Medium       |
| Setting File             | ---          |
| Simulation Activity File | ---          |
| Design Nets Matched      | NA           |
+--------------------------+--------------+
* Specify Design Power Budget using, set_operating_conditions -design_power_budget <value in Watts>


1.1 On-Chip Components
----------------------

+--------------------------+-----------+----------+-----------+-----------------+
| On-Chip                  | Power (W) | Used     | Available | Utilization (%) |
+--------------------------+-----------+----------+-----------+-----------------+
| Clocks                   |     0.019 |        7 |       --- |             --- |
| Slice Logic              |     0.006 |     4129 |       --- |             --- |
|   LUT as Logic           |     0.004 |     1351 |    203800 |            0.66 |
|   LUT as Distributed RAM |     0.001 |       96 |     64000 |            0.15 |
|   CARRY4                 |    <0.001 |       38 |     50950 |            0.07 |
|   Register               |    <0.001 |     1537 |    407600 |            0.38 |
|   F7/F8 Muxes            |    <0.001 |      109 |    203800 |            0.05 |
|   LUT as Shift Register  |    <0.001 |       74 |     64000 |            0.12 |
|   Others                 |     0.000 |      481 |       --- |             --- |
| Signals                  |     0.010 |     2788 |       --- |             --- |
| Block RAM                |     0.002 |       16 |       445 |            3.60 |
| MMCM                     |     0.107 |        1 |        10 |           10.00 |
| I/O                      |     0.004 |        5 |       500 |            1.00 |
| Static Power             |     0.161 |          |           |                 |
| Total                    |     0.310 |          |           |                 |
+--------------------------+-----------+----------+-----------+-----------------+


1.2 Power Supply Summary
------------------------

+-----------+-------------+-----------+-------------+------------+-------------+-------------+------------+
| Source    | Voltage (V) | Total (A) | Dynamic (A) | Static (A) | Powerup (A) | Budget (A)  | Margin (A) |
+-----------+-------------+-----------+-------------+------------+-------------+-------------+------------+
| Vccint    |       1.000 |     0.108 |       0.039 |      0.069 |       NA    | Unspecified | NA         |
| Vccaux    |       1.800 |     0.089 |       0.061 |      0.028 |       NA    | Unspecified | NA         |
| Vcco33    |       3.300 |     0.001 |       0.000 |      0.001 |       NA    | Unspecified | NA         |
| Vcco25    |       2.500 |     0.000 |       0.000 |      0.000 |       NA    | Unspecified | NA         |
| Vcco18    |       1.800 |     0.000 |       0.000 |      0.000 |       NA    | Unspecified | NA         |
| Vcco15    |       1.500 |     0.000 |       0.000 |      0.000 |       NA    | Unspecified | NA         |
| Vcco135   |       1.350 |     0.000 |       0.000 |      0.000 |       NA    | Unspecified | NA         |
| Vcco12    |       1.200 |     0.000 |       0.000 |      0.000 |       NA    | Unspecified | NA         |
| Vccaux_io |       1.800 |     0.000 |       0.000 |      0.000 |       NA    | Unspecified | NA         |
| Vccbram   |       1.000 |     0.002 |       0.000 |      0.002 |       NA    | Unspecified | NA         |
| MGTAVcc   |       1.000 |     0.000 |       0.000 |      0.000 |       NA    | Unspecified | NA         |
| MGTAVtt   |       1.200 |     0.000 |       0.000 |      0.000 |       NA    | Unspecified | NA         |
| MGTVccaux |       1.800 |     0.000 |       0.000 |      0.000 |       NA    | Unspecified | NA         |
| Vccadc    |       1.800 |     0.020 |       0.000 |      0.020 |       NA    | Unspecified | NA         |
+-----------+-------------+-----------+-------------+------------+-------------+-------------+------------+


1.3 Confidence Level
--------------------

+-----------------------------+------------+-------------------------------------------------------+------------------------------------------------------------------------------------------------------------+
| User Input Data             | Confidence | Details                                               | Action                                                                                                     |
+-----------------------------+------------+-------------------------------------------------------+------------------------------------------------------------------------------------------------------------+
| Design implementation state | High       | Design is routed                                      |                                                                                                            |
| Clock nodes activity        | High       | User specified more than 95% of clocks                |                                                                                                            |
| I/O nodes activity          | Medium     | More than 5% of inputs are missing user specification | Provide missing input activity with simulation results or by editing the "By Resource Type -> I/Os" view   |
| Internal nodes activity     | Medium     | User specified less than 25% of internal nodes        | Provide missing internal nodes activity with simulation results or by editing the "By Resource Type" views |
| Device models               | High       | Device models are Production                          |                                                                                                            |
|                             |            |                                                       |                                                                                                            |
| Overall confidence level    | Medium     |                                                       |                                                                                                            |
+-----------------------------+------------+-------------------------------------------------------+------------------------------------------------------------------------------------------------------------+


2. Settings
-----------

2.1 Environment
---------------

+-----------------------+--------------------------+
| Ambient Temp (C)      | 25.0                     |
| ThetaJA (C/W)         | 1.8                      |
| Airflow (LFM)         | 250                      |
| Heat Sink             | medium (Medium Profile)  |
| ThetaSA (C/W)         | 3.3                      |
| Board Selection       | medium (10"x10")         |
| # of Board Layers     | 12to15 (12 to 15 Layers) |
| Board Temperature (C) | 25.0                     |
+-----------------------+--------------------------+


2.2 Clock Constraints
---------------------

+------------------------------------------------------------+---------------------------------------------------------+-----------------+
| Clock                                                      | Domain                                                  | Constraint (ns) |
+------------------------------------------------------------+---------------------------------------------------------+-----------------+
| TOP_UART_i/mdm_1/U0/Use_E2.BSCAN_I/Use_E2.BSCANE2_I/DRCK   | TOP_UART_i/mdm_1/U0/Use_E2.BSCAN_I/DRCK                 |            33.3 |
| TOP_UART_i/mdm_1/U0/Use_E2.BSCAN_I/Use_E2.BSCANE2_I/UPDATE | TOP_UART_i/mdm_1/U0/Use_E2.BSCAN_I/Dbg_Update_0         |            33.3 |
| clk_out1_TOP_UART_clk_wiz_1_0                              | TOP_UART_i/clk_wiz_1/inst/clk_out1_TOP_UART_clk_wiz_1_0 |             5.0 |
| clkfbout_TOP_UART_clk_wiz_1_0                              | TOP_UART_i/clk_wiz_1/inst/clkfbout_TOP_UART_clk_wiz_1_0 |             5.0 |
| sys_diff_clock_clk_p                                       | sys_diff_clock_clk_p                                    |             5.0 |
+------------------------------------------------------------+---------------------------------------------------------+-----------------+


3. Detailed Reports
-------------------

3.1 By Hierarchy
----------------

+-------------------------------+-----------+
| Name                          | Power (W) |
+-------------------------------+-----------+
| TOP_UART_wrapper              |     0.149 |
|   TOP_UART_i                  |     0.149 |
|     axi_uartlite_0            |     0.002 |
|       U0                      |     0.002 |
|     clk_wiz_1                 |     0.114 |
|       inst                    |     0.114 |
|     microblaze_0              |     0.025 |
|       U0                      |     0.025 |
|     microblaze_0_axi_intc     |     0.003 |
|       U0                      |     0.003 |
|     microblaze_0_axi_periph   |     0.002 |
|       xbar                    |     0.002 |
|     microblaze_0_local_memory |     0.003 |
|       lmb_bram                |     0.003 |
+-------------------------------+-----------+


