15:16:59 INFO  : Launching XSCT server: xsct.bat -n  -interactive D:\MYGITHUB\MYCODES\FPGA\IF_UART\UART\UART.vitis\temp_xsdb_launch_script.tcl
15:16:59 INFO  : Registering command handlers for Vitis TCF services
15:16:59 INFO  : Platform repository initialization has completed.
15:17:01 INFO  : XSCT server has started successfully.
15:17:02 INFO  : plnx-install-location is set to ''
15:17:02 INFO  : Successfully done setting XSCT server connection channel  
15:17:02 INFO  : Successfully done query RDI_DATADIR 
15:17:02 INFO  : Successfully done setting workspace for the tool. 
15:18:03 INFO  : Result from executing command 'getProjects': UART_platform
15:18:03 INFO  : Result from executing command 'getPlatforms': 
15:18:22 INFO  : Result from executing command 'getProjects': UART_platform
15:18:22 INFO  : Result from executing command 'getPlatforms': UART_platform|D:/MYGITHUB/MYCODES/FPGA/IF_UART/UART/UART.vitis/UART_platform/export/UART_platform/UART_platform.xpfm
15:19:31 INFO  : Checking for BSP changes to sync application flags for project 'UART_app'...
15:20:53 INFO  : Bit file 'D:/MYGITHUB/MYCODES/FPGA/IF_UART/UART/UART.vitis/UART_app/_ide/bitstream/download.bit' is generated.
15:20:56 INFO  : Connected to target on host '127.0.0.1' and port '3121'.
15:20:59 INFO  : 'targets -set -filter {jtag_cable_name =~ "Digilent Arty A7-100T 210319B269A2A" && level==0 && jtag_device_ctx=="jsn-Arty A7-100T-210319B269A2A-13631093-0"}' command is executed.
15:21:02 INFO  : Device configured successfully with "D:/MYGITHUB/MYCODES/FPGA/IF_UART/UART/UART.vitis/UART_app/_ide/bitstream/download.bit"
15:22:18 INFO  : Connected to target on host '127.0.0.1' and port '3121'.
15:22:19 INFO  : Jtag cable 'Digilent Arty A7-100T 210319B269A2A' is selected.
15:22:20 INFO  : 'jtag frequency' command is executed.
15:22:20 INFO  : 'targets -set -filter {jtag_cable_name =~ "Digilent Arty A7-100T 210319B269A2A" && level==0 && jtag_device_ctx=="jsn-Arty A7-100T-210319B269A2A-13631093-0"}' command is executed.
15:22:23 INFO  : Device configured successfully with "D:/MYGITHUB/MYCODES/FPGA/IF_UART/UART/UART.vitis/UART_app/_ide/bitstream/download.bit"
15:22:23 INFO  : Context for processor 'microblaze_0' is selected.
15:22:23 INFO  : Hardware design and registers information is loaded from 'D:/MYGITHUB/MYCODES/FPGA/IF_UART/UART/UART.vitis/UART_platform/export/UART_platform/hw/TOP_UART_wrapper.xsa'.
15:22:23 INFO  : 'configparams mdm-detect-bscan-mask 2' command is executed.
15:22:23 INFO  : Context for processor 'microblaze_0' is selected.
15:22:24 INFO  : System reset is completed.
15:22:27 INFO  : 'after 3000' command is executed.
15:22:28 INFO  : Context for processor 'microblaze_0' is selected.
15:22:28 INFO  : The application 'D:/MYGITHUB/MYCODES/FPGA/IF_UART/UART/UART.vitis/UART_app/Debug/UART_app.elf' is downloaded to processor 'microblaze_0'.
15:22:28 INFO  : ----------------XSDB Script----------------
connect -url tcp:127.0.0.1:3121
targets -set -filter {jtag_cable_name =~ "Digilent Arty A7-100T 210319B269A2A" && level==0 && jtag_device_ctx=="jsn-Arty A7-100T-210319B269A2A-13631093-0"}
fpga -file D:/MYGITHUB/MYCODES/FPGA/IF_UART/UART/UART.vitis/UART_app/_ide/bitstream/download.bit
targets -set -nocase -filter {name =~ "*microblaze*#0" && bscan=="USER2" }
loadhw -hw D:/MYGITHUB/MYCODES/FPGA/IF_UART/UART/UART.vitis/UART_platform/export/UART_platform/hw/TOP_UART_wrapper.xsa -regs
configparams mdm-detect-bscan-mask 2
targets -set -nocase -filter {name =~ "*microblaze*#0" && bscan=="USER2" }
rst -system
after 3000
targets -set -nocase -filter {name =~ "*microblaze*#0" && bscan=="USER2" }
dow D:/MYGITHUB/MYCODES/FPGA/IF_UART/UART/UART.vitis/UART_app/Debug/UART_app.elf
----------------End of Script----------------

15:22:29 INFO  : Context for processor 'microblaze_0' is selected.
15:22:30 INFO  : 'con' command is executed.
15:22:30 INFO  : ----------------XSDB Script (After Launch)----------------
targets -set -nocase -filter {name =~ "*microblaze*#0" && bscan=="USER2" }
con
----------------End of Script----------------

15:22:30 INFO  : Launch script is exported to file 'D:\MYGITHUB\MYCODES\FPGA\IF_UART\UART\UART.vitis\UART_app_system\_ide\scripts\debugger_uart_app-default.tcl'
15:24:27 INFO  : Bit file 'D:/MYGITHUB/MYCODES/FPGA/IF_UART/UART/UART.vitis/UART_app/_ide/bitstream/download.bit' is generated.
15:24:27 INFO  : Connected to target on host '127.0.0.1' and port '3121'.
15:24:28 INFO  : 'targets -set -filter {jtag_cable_name =~ "Digilent Arty A7-100T 210319B269A2A" && level==0 && jtag_device_ctx=="jsn-Arty A7-100T-210319B269A2A-13631093-0"}' command is executed.
15:24:30 INFO  : Device configured successfully with "D:/MYGITHUB/MYCODES/FPGA/IF_UART/UART/UART.vitis/UART_app/_ide/bitstream/download.bit"
15:24:57 INFO  : Disconnected from the channel tcfchan#2.
15:24:59 INFO  : Connected to target on host '127.0.0.1' and port '3121'.
15:24:59 INFO  : Jtag cable 'Digilent Arty A7-100T 210319B269A2A' is selected.
15:25:00 ERROR : port closed
15:25:00 INFO  : ----------------XSDB Script----------------
connect -url tcp:127.0.0.1:3121
----------------End of Script----------------

15:25:00 ERROR : port closed
15:25:05 INFO  : Connected to target on host '127.0.0.1' and port '3121'.
15:25:05 INFO  : Jtag cable 'Digilent Arty A7-100T 210319B269A2A' is selected.
15:25:06 INFO  : 'jtag frequency' command is executed.
15:25:06 INFO  : 'targets -set -filter {jtag_cable_name =~ "Digilent Arty A7-100T 210319B269A2A" && level==0 && jtag_device_ctx=="jsn-Arty A7-100T-210319B269A2A-13631093-0"}' command is executed.
15:25:08 INFO  : Device configured successfully with "D:/MYGITHUB/MYCODES/FPGA/IF_UART/UART/UART.vitis/UART_app/_ide/bitstream/download.bit"
15:25:08 INFO  : Context for processor 'microblaze_0' is selected.
15:25:08 INFO  : Hardware design and registers information is loaded from 'D:/MYGITHUB/MYCODES/FPGA/IF_UART/UART/UART.vitis/UART_platform/export/UART_platform/hw/TOP_UART_wrapper.xsa'.
15:25:08 INFO  : 'configparams mdm-detect-bscan-mask 2' command is executed.
15:25:08 INFO  : Context for processor 'microblaze_0' is selected.
15:25:08 INFO  : System reset is completed.
15:25:11 INFO  : 'after 3000' command is executed.
15:25:11 INFO  : Context for processor 'microblaze_0' is selected.
15:25:11 INFO  : The application 'D:/MYGITHUB/MYCODES/FPGA/IF_UART/UART/UART.vitis/UART_app/Debug/UART_app.elf' is downloaded to processor 'microblaze_0'.
15:25:11 INFO  : ----------------XSDB Script----------------
connect -url tcp:127.0.0.1:3121
targets -set -filter {jtag_cable_name =~ "Digilent Arty A7-100T 210319B269A2A" && level==0 && jtag_device_ctx=="jsn-Arty A7-100T-210319B269A2A-13631093-0"}
fpga -file D:/MYGITHUB/MYCODES/FPGA/IF_UART/UART/UART.vitis/UART_app/_ide/bitstream/download.bit
targets -set -nocase -filter {name =~ "*microblaze*#0" && bscan=="USER2" }
loadhw -hw D:/MYGITHUB/MYCODES/FPGA/IF_UART/UART/UART.vitis/UART_platform/export/UART_platform/hw/TOP_UART_wrapper.xsa -regs
configparams mdm-detect-bscan-mask 2
targets -set -nocase -filter {name =~ "*microblaze*#0" && bscan=="USER2" }
rst -system
after 3000
targets -set -nocase -filter {name =~ "*microblaze*#0" && bscan=="USER2" }
dow D:/MYGITHUB/MYCODES/FPGA/IF_UART/UART/UART.vitis/UART_app/Debug/UART_app.elf
----------------End of Script----------------

15:25:12 INFO  : Context for processor 'microblaze_0' is selected.
15:25:12 INFO  : 'con' command is executed.
15:25:12 INFO  : ----------------XSDB Script (After Launch)----------------
targets -set -nocase -filter {name =~ "*microblaze*#0" && bscan=="USER2" }
con
----------------End of Script----------------

15:25:12 INFO  : Launch script is exported to file 'D:\MYGITHUB\MYCODES\FPGA\IF_UART\UART\UART.vitis\UART_app_system\_ide\scripts\debugger_uart_app-default.tcl'
15:31:47 INFO  : Disconnected from the channel tcfchan#3.
