
*** Running vivado
    with args -log TOP_MTDS_wrapper.vds -m64 -product Vivado -mode batch -messageDb vivado.pb -notrace -source TOP_MTDS_wrapper.tcl



****** Vivado v2021.2 (64-bit)
  **** SW Build 3367213 on Tue Oct 19 02:48:09 MDT 2021
  **** IP Build 3369179 on Thu Oct 21 08:25:16 MDT 2021
    ** Copyright 1986-2021 Xilinx, Inc. All Rights Reserved.

source TOP_MTDS_wrapper.tcl -notrace
INFO: [IP_Flow 19-234] Refreshing IP repositories
INFO: [IP_Flow 19-1700] Loaded user IP repository 'c:/Xilinx/NEW_IPs'.
INFO: [IP_Flow 19-2313] Loaded Vivado IP repository 'C:/Xilinx/Vivado/2021.2/data/ip'.
Command: synth_design -top TOP_MTDS_wrapper -part xc7a100tcsg324-1
Starting synth_design
Attempting to get a license for feature 'Synthesis' and/or device 'xc7a100t'
INFO: [Common 17-349] Got license for feature 'Synthesis' and/or device 'xc7a100t'
INFO: [Device 21-403] Loading part xc7a100tcsg324-1
INFO: [Synth 8-7079] Multithreading enabled for synth_design using a maximum of 2 processes.
INFO: [Synth 8-7078] Launching helper process for spawning children vivado processes
INFO: [Synth 8-7075] Helper process launched with PID 19896
---------------------------------------------------------------------------------
Starting RTL Elaboration : Time (s): cpu = 00:00:06 ; elapsed = 00:00:06 . Memory (MB): peak = 1259.625 ; gain = 0.000
---------------------------------------------------------------------------------
INFO: [Synth 8-638] synthesizing module 'TOP_MTDS_wrapper' [e:/Projects/MTDS/MTDS.gen/sources_1/bd/TOP_MTDS/hdl/TOP_MTDS_wrapper.vhd:29]
INFO: [Synth 8-3491] module 'TOP_MTDS' declared at 'e:/Projects/MTDS/MTDS.gen/sources_1/bd/TOP_MTDS/synth/TOP_MTDS.vhd:1812' bound to instance 'TOP_MTDS_i' of component 'TOP_MTDS' [e:/Projects/MTDS/MTDS.gen/sources_1/bd/TOP_MTDS/hdl/TOP_MTDS_wrapper.vhd:93]
INFO: [Synth 8-638] synthesizing module 'TOP_MTDS' [e:/Projects/MTDS/MTDS.gen/sources_1/bd/TOP_MTDS/synth/TOP_MTDS.vhd:1847]
INFO: [Synth 8-3491] module 'TOP_MTDS_PmodMTDS_0_0' declared at 'E:/Projects/MTDS/MTDS.runs/synth_1/.Xil/Vivado-9832-BlueRoseNew/realtime/TOP_MTDS_PmodMTDS_0_0_stub.vhdl:5' bound to instance 'PmodMTDS_0' of component 'TOP_MTDS_PmodMTDS_0_0' [e:/Projects/MTDS/MTDS.gen/sources_1/bd/TOP_MTDS/synth/TOP_MTDS.vhd:2275]
INFO: [Synth 8-638] synthesizing module 'TOP_MTDS_PmodMTDS_0_0' [E:/Projects/MTDS/MTDS.runs/synth_1/.Xil/Vivado-9832-BlueRoseNew/realtime/TOP_MTDS_PmodMTDS_0_0_stub.vhdl:90]
INFO: [Synth 8-3491] module 'TOP_MTDS_clk_wiz_1_0' declared at 'E:/Projects/MTDS/MTDS.runs/synth_1/.Xil/Vivado-9832-BlueRoseNew/realtime/TOP_MTDS_clk_wiz_1_0_stub.vhdl:5' bound to instance 'clk_wiz_1' of component 'TOP_MTDS_clk_wiz_1_0' [e:/Projects/MTDS/MTDS.gen/sources_1/bd/TOP_MTDS/synth/TOP_MTDS.vhd:2357]
INFO: [Synth 8-638] synthesizing module 'TOP_MTDS_clk_wiz_1_0' [E:/Projects/MTDS/MTDS.runs/synth_1/.Xil/Vivado-9832-BlueRoseNew/realtime/TOP_MTDS_clk_wiz_1_0_stub.vhdl:15]
INFO: [Synth 8-3491] module 'TOP_MTDS_mdm_1_0' declared at 'E:/Projects/MTDS/MTDS.runs/synth_1/.Xil/Vivado-9832-BlueRoseNew/realtime/TOP_MTDS_mdm_1_0_stub.vhdl:5' bound to instance 'mdm_1' of component 'TOP_MTDS_mdm_1_0' [e:/Projects/MTDS/MTDS.gen/sources_1/bd/TOP_MTDS/synth/TOP_MTDS.vhd:2364]
INFO: [Synth 8-638] synthesizing module 'TOP_MTDS_mdm_1_0' [E:/Projects/MTDS/MTDS.runs/synth_1/.Xil/Vivado-9832-BlueRoseNew/realtime/TOP_MTDS_mdm_1_0_stub.vhdl:21]
INFO: [Synth 8-3491] module 'TOP_MTDS_microblaze_0_0' declared at 'E:/Projects/MTDS/MTDS.runs/synth_1/.Xil/Vivado-9832-BlueRoseNew/realtime/TOP_MTDS_microblaze_0_0_stub.vhdl:5' bound to instance 'microblaze_0' of component 'TOP_MTDS_microblaze_0_0' [e:/Projects/MTDS/MTDS.gen/sources_1/bd/TOP_MTDS/synth/TOP_MTDS.vhd:2377]
INFO: [Synth 8-638] synthesizing module 'TOP_MTDS_microblaze_0_0' [E:/Projects/MTDS/MTDS.runs/synth_1/.Xil/Vivado-9832-BlueRoseNew/realtime/TOP_MTDS_microblaze_0_0_stub.vhdl:63]
INFO: [Synth 8-3491] module 'TOP_MTDS_microblaze_0_axi_intc_0' declared at 'E:/Projects/MTDS/MTDS.runs/synth_1/.Xil/Vivado-9832-BlueRoseNew/realtime/TOP_MTDS_microblaze_0_axi_intc_0_stub.vhdl:5' bound to instance 'microblaze_0_axi_intc' of component 'TOP_MTDS_microblaze_0_axi_intc_0' [e:/Projects/MTDS/MTDS.gen/sources_1/bd/TOP_MTDS/synth/TOP_MTDS.vhd:2463]
INFO: [Synth 8-638] synthesizing module 'TOP_MTDS_microblaze_0_axi_intc_0' [E:/Projects/MTDS/MTDS.runs/synth_1/.Xil/Vivado-9832-BlueRoseNew/realtime/TOP_MTDS_microblaze_0_axi_intc_0_stub.vhdl:36]
INFO: [Synth 8-638] synthesizing module 'TOP_MTDS_microblaze_0_axi_periph_0' [e:/Projects/MTDS/MTDS.gen/sources_1/bd/TOP_MTDS/synth/TOP_MTDS.vhd:1191]
INFO: [Synth 8-638] synthesizing module 'm00_couplers_imp_1DGGHJ3' [e:/Projects/MTDS/MTDS.gen/sources_1/bd/TOP_MTDS/synth/TOP_MTDS.vhd:57]
INFO: [Synth 8-256] done synthesizing module 'm00_couplers_imp_1DGGHJ3' (1#1) [e:/Projects/MTDS/MTDS.gen/sources_1/bd/TOP_MTDS/synth/TOP_MTDS.vhd:57]
INFO: [Synth 8-638] synthesizing module 'm01_couplers_imp_PX831A' [e:/Projects/MTDS/MTDS.gen/sources_1/bd/TOP_MTDS/synth/TOP_MTDS.vhd:158]
INFO: [Synth 8-256] done synthesizing module 'm01_couplers_imp_PX831A' (2#1) [e:/Projects/MTDS/MTDS.gen/sources_1/bd/TOP_MTDS/synth/TOP_MTDS.vhd:158]
INFO: [Synth 8-638] synthesizing module 'm02_couplers_imp_1F14AIK' [e:/Projects/MTDS/MTDS.gen/sources_1/bd/TOP_MTDS/synth/TOP_MTDS.vhd:259]
INFO: [Synth 8-256] done synthesizing module 'm02_couplers_imp_1F14AIK' (3#1) [e:/Projects/MTDS/MTDS.gen/sources_1/bd/TOP_MTDS/synth/TOP_MTDS.vhd:259]
INFO: [Synth 8-638] synthesizing module 'm03_couplers_imp_OM9FQ5' [e:/Projects/MTDS/MTDS.gen/sources_1/bd/TOP_MTDS/synth/TOP_MTDS.vhd:360]
INFO: [Synth 8-256] done synthesizing module 'm03_couplers_imp_OM9FQ5' (4#1) [e:/Projects/MTDS/MTDS.gen/sources_1/bd/TOP_MTDS/synth/TOP_MTDS.vhd:360]
INFO: [Synth 8-638] synthesizing module 's00_couplers_imp_KT83JX' [e:/Projects/MTDS/MTDS.gen/sources_1/bd/TOP_MTDS/synth/TOP_MTDS.vhd:1023]
INFO: [Synth 8-256] done synthesizing module 's00_couplers_imp_KT83JX' (5#1) [e:/Projects/MTDS/MTDS.gen/sources_1/bd/TOP_MTDS/synth/TOP_MTDS.vhd:1023]
INFO: [Synth 8-3491] module 'TOP_MTDS_xbar_0' declared at 'E:/Projects/MTDS/MTDS.runs/synth_1/.Xil/Vivado-9832-BlueRoseNew/realtime/TOP_MTDS_xbar_0_stub.vhdl:5' bound to instance 'xbar' of component 'TOP_MTDS_xbar_0' [e:/Projects/MTDS/MTDS.gen/sources_1/bd/TOP_MTDS/synth/TOP_MTDS.vhd:1713]
INFO: [Synth 8-638] synthesizing module 'TOP_MTDS_xbar_0' [E:/Projects/MTDS/MTDS.runs/synth_1/.Xil/Vivado-9832-BlueRoseNew/realtime/TOP_MTDS_xbar_0_stub.vhdl:51]
INFO: [Synth 8-256] done synthesizing module 'TOP_MTDS_microblaze_0_axi_periph_0' (6#1) [e:/Projects/MTDS/MTDS.gen/sources_1/bd/TOP_MTDS/synth/TOP_MTDS.vhd:1191]
INFO: [Synth 8-638] synthesizing module 'microblaze_0_local_memory_imp_RTS54R' [e:/Projects/MTDS/MTDS.gen/sources_1/bd/TOP_MTDS/synth/TOP_MTDS.vhd:444]
INFO: [Synth 8-3491] module 'TOP_MTDS_dlmb_bram_if_cntlr_0' declared at 'E:/Projects/MTDS/MTDS.runs/synth_1/.Xil/Vivado-9832-BlueRoseNew/realtime/TOP_MTDS_dlmb_bram_if_cntlr_0_stub.vhdl:5' bound to instance 'dlmb_bram_if_cntlr' of component 'TOP_MTDS_dlmb_bram_if_cntlr_0' [e:/Projects/MTDS/MTDS.gen/sources_1/bd/TOP_MTDS/synth/TOP_MTDS.vhd:658]
INFO: [Synth 8-638] synthesizing module 'TOP_MTDS_dlmb_bram_if_cntlr_0' [E:/Projects/MTDS/MTDS.runs/synth_1/.Xil/Vivado-9832-BlueRoseNew/realtime/TOP_MTDS_dlmb_bram_if_cntlr_0_stub.vhdl:31]
INFO: [Synth 8-3491] module 'TOP_MTDS_dlmb_v10_0' declared at 'E:/Projects/MTDS/MTDS.runs/synth_1/.Xil/Vivado-9832-BlueRoseNew/realtime/TOP_MTDS_dlmb_v10_0_stub.vhdl:5' bound to instance 'dlmb_v10' of component 'TOP_MTDS_dlmb_v10_0' [e:/Projects/MTDS/MTDS.gen/sources_1/bd/TOP_MTDS/synth/TOP_MTDS.vhd:712]
INFO: [Synth 8-638] synthesizing module 'TOP_MTDS_dlmb_v10_0' [E:/Projects/MTDS/MTDS.runs/synth_1/.Xil/Vivado-9832-BlueRoseNew/realtime/TOP_MTDS_dlmb_v10_0_stub.vhdl:36]
INFO: [Synth 8-3491] module 'TOP_MTDS_ilmb_bram_if_cntlr_0' declared at 'E:/Projects/MTDS/MTDS.runs/synth_1/.Xil/Vivado-9832-BlueRoseNew/realtime/TOP_MTDS_ilmb_bram_if_cntlr_0_stub.vhdl:5' bound to instance 'ilmb_bram_if_cntlr' of component 'TOP_MTDS_ilmb_bram_if_cntlr_0' [e:/Projects/MTDS/MTDS.gen/sources_1/bd/TOP_MTDS/synth/TOP_MTDS.vhd:740]
INFO: [Synth 8-638] synthesizing module 'TOP_MTDS_ilmb_bram_if_cntlr_0' [E:/Projects/MTDS/MTDS.runs/synth_1/.Xil/Vivado-9832-BlueRoseNew/realtime/TOP_MTDS_ilmb_bram_if_cntlr_0_stub.vhdl:31]
INFO: [Synth 8-3491] module 'TOP_MTDS_ilmb_v10_0' declared at 'E:/Projects/MTDS/MTDS.runs/synth_1/.Xil/Vivado-9832-BlueRoseNew/realtime/TOP_MTDS_ilmb_v10_0_stub.vhdl:5' bound to instance 'ilmb_v10' of component 'TOP_MTDS_ilmb_v10_0' [e:/Projects/MTDS/MTDS.gen/sources_1/bd/TOP_MTDS/synth/TOP_MTDS.vhd:794]
INFO: [Synth 8-638] synthesizing module 'TOP_MTDS_ilmb_v10_0' [E:/Projects/MTDS/MTDS.runs/synth_1/.Xil/Vivado-9832-BlueRoseNew/realtime/TOP_MTDS_ilmb_v10_0_stub.vhdl:36]
INFO: [Synth 8-3491] module 'TOP_MTDS_lmb_bram_0' declared at 'E:/Projects/MTDS/MTDS.runs/synth_1/.Xil/Vivado-9832-BlueRoseNew/realtime/TOP_MTDS_lmb_bram_0_stub.vhdl:5' bound to instance 'lmb_bram' of component 'TOP_MTDS_lmb_bram_0' [e:/Projects/MTDS/MTDS.gen/sources_1/bd/TOP_MTDS/synth/TOP_MTDS.vhd:822]
INFO: [Synth 8-638] synthesizing module 'TOP_MTDS_lmb_bram_0' [E:/Projects/MTDS/MTDS.runs/synth_1/.Xil/Vivado-9832-BlueRoseNew/realtime/TOP_MTDS_lmb_bram_0_stub.vhdl:27]
INFO: [Synth 8-256] done synthesizing module 'microblaze_0_local_memory_imp_RTS54R' (7#1) [e:/Projects/MTDS/MTDS.gen/sources_1/bd/TOP_MTDS/synth/TOP_MTDS.vhd:444]
INFO: [Synth 8-3491] module 'TOP_MTDS_microblaze_0_xlconcat_0' declared at 'e:/Projects/MTDS/MTDS.gen/sources_1/bd/TOP_MTDS/ip/TOP_MTDS_microblaze_0_xlconcat_0/synth/TOP_MTDS_microblaze_0_xlconcat_0.v:60' bound to instance 'microblaze_0_xlconcat' of component 'TOP_MTDS_microblaze_0_xlconcat_0' [e:/Projects/MTDS/MTDS.gen/sources_1/bd/TOP_MTDS/synth/TOP_MTDS.vhd:2618]
INFO: [Synth 8-6157] synthesizing module 'TOP_MTDS_microblaze_0_xlconcat_0' [e:/Projects/MTDS/MTDS.gen/sources_1/bd/TOP_MTDS/ip/TOP_MTDS_microblaze_0_xlconcat_0/synth/TOP_MTDS_microblaze_0_xlconcat_0.v:60]
INFO: [Synth 8-6157] synthesizing module 'xlconcat_v2_1_4_xlconcat' [e:/Projects/MTDS/MTDS.gen/sources_1/bd/TOP_MTDS/ipshared/4b67/hdl/xlconcat_v2_1_vl_rfs.v:14]
INFO: [Synth 8-6155] done synthesizing module 'xlconcat_v2_1_4_xlconcat' (8#1) [e:/Projects/MTDS/MTDS.gen/sources_1/bd/TOP_MTDS/ipshared/4b67/hdl/xlconcat_v2_1_vl_rfs.v:14]
INFO: [Synth 8-6155] done synthesizing module 'TOP_MTDS_microblaze_0_xlconcat_0' (9#1) [e:/Projects/MTDS/MTDS.gen/sources_1/bd/TOP_MTDS/ip/TOP_MTDS_microblaze_0_xlconcat_0/synth/TOP_MTDS_microblaze_0_xlconcat_0.v:60]
INFO: [Synth 8-3491] module 'TOP_MTDS_rst_clk_wiz_1_100M_0' declared at 'E:/Projects/MTDS/MTDS.runs/synth_1/.Xil/Vivado-9832-BlueRoseNew/realtime/TOP_MTDS_rst_clk_wiz_1_100M_0_stub.vhdl:5' bound to instance 'rst_clk_wiz_1_100M' of component 'TOP_MTDS_rst_clk_wiz_1_100M_0' [e:/Projects/MTDS/MTDS.gen/sources_1/bd/TOP_MTDS/synth/TOP_MTDS.vhd:2624]
INFO: [Synth 8-638] synthesizing module 'TOP_MTDS_rst_clk_wiz_1_100M_0' [E:/Projects/MTDS/MTDS.runs/synth_1/.Xil/Vivado-9832-BlueRoseNew/realtime/TOP_MTDS_rst_clk_wiz_1_100M_0_stub.vhdl:21]
INFO: [Synth 8-256] done synthesizing module 'TOP_MTDS' (10#1) [e:/Projects/MTDS/MTDS.gen/sources_1/bd/TOP_MTDS/synth/TOP_MTDS.vhd:1847]
INFO: [Synth 8-3491] module 'IOBUF' declared at 'C:/Xilinx/Vivado/2021.2/scripts/rt/data/unisim_comp.v:59735' bound to instance 'ja_pin10_iobuf' of component 'IOBUF' [e:/Projects/MTDS/MTDS.gen/sources_1/bd/TOP_MTDS/hdl/TOP_MTDS_wrapper.vhd:122]
INFO: [Synth 8-6157] synthesizing module 'IOBUF' [C:/Xilinx/Vivado/2021.2/scripts/rt/data/unisim_comp.v:59735]
INFO: [Synth 8-6155] done synthesizing module 'IOBUF' (11#1) [C:/Xilinx/Vivado/2021.2/scripts/rt/data/unisim_comp.v:59735]
INFO: [Synth 8-3491] module 'IOBUF' declared at 'C:/Xilinx/Vivado/2021.2/scripts/rt/data/unisim_comp.v:59735' bound to instance 'ja_pin1_iobuf' of component 'IOBUF' [e:/Projects/MTDS/MTDS.gen/sources_1/bd/TOP_MTDS/hdl/TOP_MTDS_wrapper.vhd:129]
INFO: [Synth 8-3491] module 'IOBUF' declared at 'C:/Xilinx/Vivado/2021.2/scripts/rt/data/unisim_comp.v:59735' bound to instance 'ja_pin2_iobuf' of component 'IOBUF' [e:/Projects/MTDS/MTDS.gen/sources_1/bd/TOP_MTDS/hdl/TOP_MTDS_wrapper.vhd:136]
INFO: [Synth 8-3491] module 'IOBUF' declared at 'C:/Xilinx/Vivado/2021.2/scripts/rt/data/unisim_comp.v:59735' bound to instance 'ja_pin3_iobuf' of component 'IOBUF' [e:/Projects/MTDS/MTDS.gen/sources_1/bd/TOP_MTDS/hdl/TOP_MTDS_wrapper.vhd:143]
INFO: [Synth 8-3491] module 'IOBUF' declared at 'C:/Xilinx/Vivado/2021.2/scripts/rt/data/unisim_comp.v:59735' bound to instance 'ja_pin4_iobuf' of component 'IOBUF' [e:/Projects/MTDS/MTDS.gen/sources_1/bd/TOP_MTDS/hdl/TOP_MTDS_wrapper.vhd:150]
INFO: [Synth 8-3491] module 'IOBUF' declared at 'C:/Xilinx/Vivado/2021.2/scripts/rt/data/unisim_comp.v:59735' bound to instance 'ja_pin7_iobuf' of component 'IOBUF' [e:/Projects/MTDS/MTDS.gen/sources_1/bd/TOP_MTDS/hdl/TOP_MTDS_wrapper.vhd:157]
INFO: [Synth 8-3491] module 'IOBUF' declared at 'C:/Xilinx/Vivado/2021.2/scripts/rt/data/unisim_comp.v:59735' bound to instance 'ja_pin8_iobuf' of component 'IOBUF' [e:/Projects/MTDS/MTDS.gen/sources_1/bd/TOP_MTDS/hdl/TOP_MTDS_wrapper.vhd:164]
INFO: [Synth 8-3491] module 'IOBUF' declared at 'C:/Xilinx/Vivado/2021.2/scripts/rt/data/unisim_comp.v:59735' bound to instance 'ja_pin9_iobuf' of component 'IOBUF' [e:/Projects/MTDS/MTDS.gen/sources_1/bd/TOP_MTDS/hdl/TOP_MTDS_wrapper.vhd:171]
INFO: [Synth 8-256] done synthesizing module 'TOP_MTDS_wrapper' (12#1) [e:/Projects/MTDS/MTDS.gen/sources_1/bd/TOP_MTDS/hdl/TOP_MTDS_wrapper.vhd:29]
WARNING: [Synth 8-7129] Port In2[0] in module xlconcat_v2_1_4_xlconcat is either unconnected or has no load
WARNING: [Synth 8-7129] Port In3[0] in module xlconcat_v2_1_4_xlconcat is either unconnected or has no load
WARNING: [Synth 8-7129] Port In4[0] in module xlconcat_v2_1_4_xlconcat is either unconnected or has no load
WARNING: [Synth 8-7129] Port In5[0] in module xlconcat_v2_1_4_xlconcat is either unconnected or has no load
WARNING: [Synth 8-7129] Port In6[0] in module xlconcat_v2_1_4_xlconcat is either unconnected or has no load
WARNING: [Synth 8-7129] Port In7[0] in module xlconcat_v2_1_4_xlconcat is either unconnected or has no load
WARNING: [Synth 8-7129] Port In8[0] in module xlconcat_v2_1_4_xlconcat is either unconnected or has no load
WARNING: [Synth 8-7129] Port In9[0] in module xlconcat_v2_1_4_xlconcat is either unconnected or has no load
WARNING: [Synth 8-7129] Port In10[0] in module xlconcat_v2_1_4_xlconcat is either unconnected or has no load
WARNING: [Synth 8-7129] Port In11[0] in module xlconcat_v2_1_4_xlconcat is either unconnected or has no load
WARNING: [Synth 8-7129] Port In12[0] in module xlconcat_v2_1_4_xlconcat is either unconnected or has no load
WARNING: [Synth 8-7129] Port In13[0] in module xlconcat_v2_1_4_xlconcat is either unconnected or has no load
WARNING: [Synth 8-7129] Port In14[0] in module xlconcat_v2_1_4_xlconcat is either unconnected or has no load
WARNING: [Synth 8-7129] Port In15[0] in module xlconcat_v2_1_4_xlconcat is either unconnected or has no load
WARNING: [Synth 8-7129] Port In16[0] in module xlconcat_v2_1_4_xlconcat is either unconnected or has no load
WARNING: [Synth 8-7129] Port In17[0] in module xlconcat_v2_1_4_xlconcat is either unconnected or has no load
WARNING: [Synth 8-7129] Port In18[0] in module xlconcat_v2_1_4_xlconcat is either unconnected or has no load
WARNING: [Synth 8-7129] Port In19[0] in module xlconcat_v2_1_4_xlconcat is either unconnected or has no load
WARNING: [Synth 8-7129] Port In20[0] in module xlconcat_v2_1_4_xlconcat is either unconnected or has no load
WARNING: [Synth 8-7129] Port In21[0] in module xlconcat_v2_1_4_xlconcat is either unconnected or has no load
WARNING: [Synth 8-7129] Port In22[0] in module xlconcat_v2_1_4_xlconcat is either unconnected or has no load
WARNING: [Synth 8-7129] Port In23[0] in module xlconcat_v2_1_4_xlconcat is either unconnected or has no load
WARNING: [Synth 8-7129] Port In24[0] in module xlconcat_v2_1_4_xlconcat is either unconnected or has no load
WARNING: [Synth 8-7129] Port In25[0] in module xlconcat_v2_1_4_xlconcat is either unconnected or has no load
WARNING: [Synth 8-7129] Port In26[0] in module xlconcat_v2_1_4_xlconcat is either unconnected or has no load
WARNING: [Synth 8-7129] Port In27[0] in module xlconcat_v2_1_4_xlconcat is either unconnected or has no load
WARNING: [Synth 8-7129] Port In28[0] in module xlconcat_v2_1_4_xlconcat is either unconnected or has no load
WARNING: [Synth 8-7129] Port In29[0] in module xlconcat_v2_1_4_xlconcat is either unconnected or has no load
WARNING: [Synth 8-7129] Port In30[0] in module xlconcat_v2_1_4_xlconcat is either unconnected or has no load
WARNING: [Synth 8-7129] Port In31[0] in module xlconcat_v2_1_4_xlconcat is either unconnected or has no load
WARNING: [Synth 8-7129] Port In32[0] in module xlconcat_v2_1_4_xlconcat is either unconnected or has no load
WARNING: [Synth 8-7129] Port In33[0] in module xlconcat_v2_1_4_xlconcat is either unconnected or has no load
WARNING: [Synth 8-7129] Port In34[0] in module xlconcat_v2_1_4_xlconcat is either unconnected or has no load
WARNING: [Synth 8-7129] Port In35[0] in module xlconcat_v2_1_4_xlconcat is either unconnected or has no load
WARNING: [Synth 8-7129] Port In36[0] in module xlconcat_v2_1_4_xlconcat is either unconnected or has no load
WARNING: [Synth 8-7129] Port In37[0] in module xlconcat_v2_1_4_xlconcat is either unconnected or has no load
WARNING: [Synth 8-7129] Port In38[0] in module xlconcat_v2_1_4_xlconcat is either unconnected or has no load
WARNING: [Synth 8-7129] Port In39[0] in module xlconcat_v2_1_4_xlconcat is either unconnected or has no load
WARNING: [Synth 8-7129] Port In40[0] in module xlconcat_v2_1_4_xlconcat is either unconnected or has no load
WARNING: [Synth 8-7129] Port In41[0] in module xlconcat_v2_1_4_xlconcat is either unconnected or has no load
WARNING: [Synth 8-7129] Port In42[0] in module xlconcat_v2_1_4_xlconcat is either unconnected or has no load
WARNING: [Synth 8-7129] Port In43[0] in module xlconcat_v2_1_4_xlconcat is either unconnected or has no load
WARNING: [Synth 8-7129] Port In44[0] in module xlconcat_v2_1_4_xlconcat is either unconnected or has no load
WARNING: [Synth 8-7129] Port In45[0] in module xlconcat_v2_1_4_xlconcat is either unconnected or has no load
WARNING: [Synth 8-7129] Port In46[0] in module xlconcat_v2_1_4_xlconcat is either unconnected or has no load
WARNING: [Synth 8-7129] Port In47[0] in module xlconcat_v2_1_4_xlconcat is either unconnected or has no load
WARNING: [Synth 8-7129] Port In48[0] in module xlconcat_v2_1_4_xlconcat is either unconnected or has no load
WARNING: [Synth 8-7129] Port In49[0] in module xlconcat_v2_1_4_xlconcat is either unconnected or has no load
WARNING: [Synth 8-7129] Port In50[0] in module xlconcat_v2_1_4_xlconcat is either unconnected or has no load
WARNING: [Synth 8-7129] Port In51[0] in module xlconcat_v2_1_4_xlconcat is either unconnected or has no load
WARNING: [Synth 8-7129] Port In52[0] in module xlconcat_v2_1_4_xlconcat is either unconnected or has no load
WARNING: [Synth 8-7129] Port In53[0] in module xlconcat_v2_1_4_xlconcat is either unconnected or has no load
WARNING: [Synth 8-7129] Port In54[0] in module xlconcat_v2_1_4_xlconcat is either unconnected or has no load
WARNING: [Synth 8-7129] Port In55[0] in module xlconcat_v2_1_4_xlconcat is either unconnected or has no load
WARNING: [Synth 8-7129] Port In56[0] in module xlconcat_v2_1_4_xlconcat is either unconnected or has no load
WARNING: [Synth 8-7129] Port In57[0] in module xlconcat_v2_1_4_xlconcat is either unconnected or has no load
WARNING: [Synth 8-7129] Port In58[0] in module xlconcat_v2_1_4_xlconcat is either unconnected or has no load
WARNING: [Synth 8-7129] Port In59[0] in module xlconcat_v2_1_4_xlconcat is either unconnected or has no load
WARNING: [Synth 8-7129] Port In60[0] in module xlconcat_v2_1_4_xlconcat is either unconnected or has no load
WARNING: [Synth 8-7129] Port In61[0] in module xlconcat_v2_1_4_xlconcat is either unconnected or has no load
WARNING: [Synth 8-7129] Port In62[0] in module xlconcat_v2_1_4_xlconcat is either unconnected or has no load
WARNING: [Synth 8-7129] Port In63[0] in module xlconcat_v2_1_4_xlconcat is either unconnected or has no load
WARNING: [Synth 8-7129] Port In64[0] in module xlconcat_v2_1_4_xlconcat is either unconnected or has no load
WARNING: [Synth 8-7129] Port In65[0] in module xlconcat_v2_1_4_xlconcat is either unconnected or has no load
WARNING: [Synth 8-7129] Port In66[0] in module xlconcat_v2_1_4_xlconcat is either unconnected or has no load
WARNING: [Synth 8-7129] Port In67[0] in module xlconcat_v2_1_4_xlconcat is either unconnected or has no load
WARNING: [Synth 8-7129] Port In68[0] in module xlconcat_v2_1_4_xlconcat is either unconnected or has no load
WARNING: [Synth 8-7129] Port In69[0] in module xlconcat_v2_1_4_xlconcat is either unconnected or has no load
WARNING: [Synth 8-7129] Port In70[0] in module xlconcat_v2_1_4_xlconcat is either unconnected or has no load
WARNING: [Synth 8-7129] Port In71[0] in module xlconcat_v2_1_4_xlconcat is either unconnected or has no load
WARNING: [Synth 8-7129] Port In72[0] in module xlconcat_v2_1_4_xlconcat is either unconnected or has no load
WARNING: [Synth 8-7129] Port In73[0] in module xlconcat_v2_1_4_xlconcat is either unconnected or has no load
WARNING: [Synth 8-7129] Port In74[0] in module xlconcat_v2_1_4_xlconcat is either unconnected or has no load
WARNING: [Synth 8-7129] Port In75[0] in module xlconcat_v2_1_4_xlconcat is either unconnected or has no load
WARNING: [Synth 8-7129] Port In76[0] in module xlconcat_v2_1_4_xlconcat is either unconnected or has no load
WARNING: [Synth 8-7129] Port In77[0] in module xlconcat_v2_1_4_xlconcat is either unconnected or has no load
WARNING: [Synth 8-7129] Port In78[0] in module xlconcat_v2_1_4_xlconcat is either unconnected or has no load
WARNING: [Synth 8-7129] Port In79[0] in module xlconcat_v2_1_4_xlconcat is either unconnected or has no load
WARNING: [Synth 8-7129] Port In80[0] in module xlconcat_v2_1_4_xlconcat is either unconnected or has no load
WARNING: [Synth 8-7129] Port In81[0] in module xlconcat_v2_1_4_xlconcat is either unconnected or has no load
WARNING: [Synth 8-7129] Port In82[0] in module xlconcat_v2_1_4_xlconcat is either unconnected or has no load
WARNING: [Synth 8-7129] Port In83[0] in module xlconcat_v2_1_4_xlconcat is either unconnected or has no load
WARNING: [Synth 8-7129] Port In84[0] in module xlconcat_v2_1_4_xlconcat is either unconnected or has no load
WARNING: [Synth 8-7129] Port In85[0] in module xlconcat_v2_1_4_xlconcat is either unconnected or has no load
WARNING: [Synth 8-7129] Port In86[0] in module xlconcat_v2_1_4_xlconcat is either unconnected or has no load
WARNING: [Synth 8-7129] Port In87[0] in module xlconcat_v2_1_4_xlconcat is either unconnected or has no load
WARNING: [Synth 8-7129] Port In88[0] in module xlconcat_v2_1_4_xlconcat is either unconnected or has no load
WARNING: [Synth 8-7129] Port In89[0] in module xlconcat_v2_1_4_xlconcat is either unconnected or has no load
WARNING: [Synth 8-7129] Port In90[0] in module xlconcat_v2_1_4_xlconcat is either unconnected or has no load
WARNING: [Synth 8-7129] Port In91[0] in module xlconcat_v2_1_4_xlconcat is either unconnected or has no load
WARNING: [Synth 8-7129] Port In92[0] in module xlconcat_v2_1_4_xlconcat is either unconnected or has no load
WARNING: [Synth 8-7129] Port In93[0] in module xlconcat_v2_1_4_xlconcat is either unconnected or has no load
WARNING: [Synth 8-7129] Port In94[0] in module xlconcat_v2_1_4_xlconcat is either unconnected or has no load
WARNING: [Synth 8-7129] Port In95[0] in module xlconcat_v2_1_4_xlconcat is either unconnected or has no load
WARNING: [Synth 8-7129] Port In96[0] in module xlconcat_v2_1_4_xlconcat is either unconnected or has no load
WARNING: [Synth 8-7129] Port In97[0] in module xlconcat_v2_1_4_xlconcat is either unconnected or has no load
WARNING: [Synth 8-7129] Port In98[0] in module xlconcat_v2_1_4_xlconcat is either unconnected or has no load
WARNING: [Synth 8-7129] Port In99[0] in module xlconcat_v2_1_4_xlconcat is either unconnected or has no load
WARNING: [Synth 8-7129] Port In100[0] in module xlconcat_v2_1_4_xlconcat is either unconnected or has no load
WARNING: [Synth 8-7129] Port In101[0] in module xlconcat_v2_1_4_xlconcat is either unconnected or has no load
INFO: [Common 17-14] Message 'Synth 8-7129' appears 100 times and further instances of the messages will be disabled. Use the Tcl command set_msg_config to change the current settings.
---------------------------------------------------------------------------------
Finished RTL Elaboration : Time (s): cpu = 00:00:07 ; elapsed = 00:00:08 . Memory (MB): peak = 1259.625 ; gain = 0.000
---------------------------------------------------------------------------------
---------------------------------------------------------------------------------
Start Handling Custom Attributes
---------------------------------------------------------------------------------
---------------------------------------------------------------------------------
Finished Handling Custom Attributes : Time (s): cpu = 00:00:08 ; elapsed = 00:00:08 . Memory (MB): peak = 1259.625 ; gain = 0.000
---------------------------------------------------------------------------------
---------------------------------------------------------------------------------
Finished RTL Optimization Phase 1 : Time (s): cpu = 00:00:08 ; elapsed = 00:00:08 . Memory (MB): peak = 1259.625 ; gain = 0.000
---------------------------------------------------------------------------------
Netlist sorting complete. Time (s): cpu = 00:00:00 ; elapsed = 00:00:00.030 . Memory (MB): peak = 1259.625 ; gain = 0.000
INFO: [Netlist 29-17] Analyzing 8 Unisim elements for replacement
INFO: [Netlist 29-28] Unisim Transformation completed in 0 CPU seconds
INFO: [Project 1-570] Preparing netlist for logic optimization

Processing XDC Constraints
Initializing timing engine
Parsing XDC File [e:/Projects/MTDS/MTDS.gen/sources_1/bd/TOP_MTDS/ip/TOP_MTDS_microblaze_0_0/TOP_MTDS_microblaze_0_0/TOP_MTDS_microblaze_0_0_in_context.xdc] for cell 'TOP_MTDS_i/microblaze_0'
Finished Parsing XDC File [e:/Projects/MTDS/MTDS.gen/sources_1/bd/TOP_MTDS/ip/TOP_MTDS_microblaze_0_0/TOP_MTDS_microblaze_0_0/TOP_MTDS_microblaze_0_0_in_context.xdc] for cell 'TOP_MTDS_i/microblaze_0'
Parsing XDC File [e:/Projects/MTDS/MTDS.gen/sources_1/bd/TOP_MTDS/ip/TOP_MTDS_dlmb_v10_0/TOP_MTDS_dlmb_v10_0/TOP_MTDS_ilmb_v10_0_in_context.xdc] for cell 'TOP_MTDS_i/microblaze_0_local_memory/dlmb_v10'
Finished Parsing XDC File [e:/Projects/MTDS/MTDS.gen/sources_1/bd/TOP_MTDS/ip/TOP_MTDS_dlmb_v10_0/TOP_MTDS_dlmb_v10_0/TOP_MTDS_ilmb_v10_0_in_context.xdc] for cell 'TOP_MTDS_i/microblaze_0_local_memory/dlmb_v10'
Parsing XDC File [e:/Projects/MTDS/MTDS.gen/sources_1/bd/TOP_MTDS/ip/TOP_MTDS_ilmb_v10_0/TOP_MTDS_ilmb_v10_0/TOP_MTDS_ilmb_v10_0_in_context.xdc] for cell 'TOP_MTDS_i/microblaze_0_local_memory/ilmb_v10'
Finished Parsing XDC File [e:/Projects/MTDS/MTDS.gen/sources_1/bd/TOP_MTDS/ip/TOP_MTDS_ilmb_v10_0/TOP_MTDS_ilmb_v10_0/TOP_MTDS_ilmb_v10_0_in_context.xdc] for cell 'TOP_MTDS_i/microblaze_0_local_memory/ilmb_v10'
Parsing XDC File [e:/Projects/MTDS/MTDS.gen/sources_1/bd/TOP_MTDS/ip/TOP_MTDS_dlmb_bram_if_cntlr_0/TOP_MTDS_dlmb_bram_if_cntlr_0/TOP_MTDS_dlmb_bram_if_cntlr_0_in_context.xdc] for cell 'TOP_MTDS_i/microblaze_0_local_memory/dlmb_bram_if_cntlr'
Finished Parsing XDC File [e:/Projects/MTDS/MTDS.gen/sources_1/bd/TOP_MTDS/ip/TOP_MTDS_dlmb_bram_if_cntlr_0/TOP_MTDS_dlmb_bram_if_cntlr_0/TOP_MTDS_dlmb_bram_if_cntlr_0_in_context.xdc] for cell 'TOP_MTDS_i/microblaze_0_local_memory/dlmb_bram_if_cntlr'
Parsing XDC File [e:/Projects/MTDS/MTDS.gen/sources_1/bd/TOP_MTDS/ip/TOP_MTDS_ilmb_bram_if_cntlr_0/TOP_MTDS_ilmb_bram_if_cntlr_0/TOP_MTDS_ilmb_bram_if_cntlr_0_in_context.xdc] for cell 'TOP_MTDS_i/microblaze_0_local_memory/ilmb_bram_if_cntlr'
Finished Parsing XDC File [e:/Projects/MTDS/MTDS.gen/sources_1/bd/TOP_MTDS/ip/TOP_MTDS_ilmb_bram_if_cntlr_0/TOP_MTDS_ilmb_bram_if_cntlr_0/TOP_MTDS_ilmb_bram_if_cntlr_0_in_context.xdc] for cell 'TOP_MTDS_i/microblaze_0_local_memory/ilmb_bram_if_cntlr'
Parsing XDC File [e:/Projects/MTDS/MTDS.gen/sources_1/bd/TOP_MTDS/ip/TOP_MTDS_lmb_bram_0/TOP_MTDS_lmb_bram_0/TOP_MTDS_lmb_bram_0_in_context.xdc] for cell 'TOP_MTDS_i/microblaze_0_local_memory/lmb_bram'
Finished Parsing XDC File [e:/Projects/MTDS/MTDS.gen/sources_1/bd/TOP_MTDS/ip/TOP_MTDS_lmb_bram_0/TOP_MTDS_lmb_bram_0/TOP_MTDS_lmb_bram_0_in_context.xdc] for cell 'TOP_MTDS_i/microblaze_0_local_memory/lmb_bram'
Parsing XDC File [e:/Projects/MTDS/MTDS.gen/sources_1/bd/TOP_MTDS/ip/TOP_MTDS_xbar_0/TOP_MTDS_xbar_0/TOP_MTDS_xbar_0_in_context.xdc] for cell 'TOP_MTDS_i/microblaze_0_axi_periph/xbar'
Finished Parsing XDC File [e:/Projects/MTDS/MTDS.gen/sources_1/bd/TOP_MTDS/ip/TOP_MTDS_xbar_0/TOP_MTDS_xbar_0/TOP_MTDS_xbar_0_in_context.xdc] for cell 'TOP_MTDS_i/microblaze_0_axi_periph/xbar'
Parsing XDC File [e:/Projects/MTDS/MTDS.gen/sources_1/bd/TOP_MTDS/ip/TOP_MTDS_microblaze_0_axi_intc_0/TOP_MTDS_microblaze_0_axi_intc_0/TOP_MTDS_microblaze_0_axi_intc_0_in_context.xdc] for cell 'TOP_MTDS_i/microblaze_0_axi_intc'
Finished Parsing XDC File [e:/Projects/MTDS/MTDS.gen/sources_1/bd/TOP_MTDS/ip/TOP_MTDS_microblaze_0_axi_intc_0/TOP_MTDS_microblaze_0_axi_intc_0/TOP_MTDS_microblaze_0_axi_intc_0_in_context.xdc] for cell 'TOP_MTDS_i/microblaze_0_axi_intc'
Parsing XDC File [e:/Projects/MTDS/MTDS.gen/sources_1/bd/TOP_MTDS/ip/TOP_MTDS_mdm_1_0/TOP_MTDS_mdm_1_0/TOP_MTDS_mdm_1_0_in_context.xdc] for cell 'TOP_MTDS_i/mdm_1'
Finished Parsing XDC File [e:/Projects/MTDS/MTDS.gen/sources_1/bd/TOP_MTDS/ip/TOP_MTDS_mdm_1_0/TOP_MTDS_mdm_1_0/TOP_MTDS_mdm_1_0_in_context.xdc] for cell 'TOP_MTDS_i/mdm_1'
Parsing XDC File [e:/Projects/MTDS/MTDS.gen/sources_1/bd/TOP_MTDS/ip/TOP_MTDS_clk_wiz_1_0/TOP_MTDS_clk_wiz_1_0/TOP_MTDS_clk_wiz_1_0_in_context.xdc] for cell 'TOP_MTDS_i/clk_wiz_1'
Finished Parsing XDC File [e:/Projects/MTDS/MTDS.gen/sources_1/bd/TOP_MTDS/ip/TOP_MTDS_clk_wiz_1_0/TOP_MTDS_clk_wiz_1_0/TOP_MTDS_clk_wiz_1_0_in_context.xdc] for cell 'TOP_MTDS_i/clk_wiz_1'
Parsing XDC File [e:/Projects/MTDS/MTDS.gen/sources_1/bd/TOP_MTDS/ip/TOP_MTDS_rst_clk_wiz_1_100M_0/TOP_MTDS_rst_clk_wiz_1_100M_0/TOP_MTDS_rst_clk_wiz_1_100M_0_in_context.xdc] for cell 'TOP_MTDS_i/rst_clk_wiz_1_100M'
Finished Parsing XDC File [e:/Projects/MTDS/MTDS.gen/sources_1/bd/TOP_MTDS/ip/TOP_MTDS_rst_clk_wiz_1_100M_0/TOP_MTDS_rst_clk_wiz_1_100M_0/TOP_MTDS_rst_clk_wiz_1_100M_0_in_context.xdc] for cell 'TOP_MTDS_i/rst_clk_wiz_1_100M'
Parsing XDC File [e:/Projects/MTDS/MTDS.gen/sources_1/bd/TOP_MTDS/ip/TOP_MTDS_PmodMTDS_0_0/TOP_MTDS_PmodMTDS_0_0/TOP_MTDS_PmodMTDS_0_0_in_context.xdc] for cell 'TOP_MTDS_i/PmodMTDS_0'
Finished Parsing XDC File [e:/Projects/MTDS/MTDS.gen/sources_1/bd/TOP_MTDS/ip/TOP_MTDS_PmodMTDS_0_0/TOP_MTDS_PmodMTDS_0_0/TOP_MTDS_PmodMTDS_0_0_in_context.xdc] for cell 'TOP_MTDS_i/PmodMTDS_0'
Parsing XDC File [E:/Projects/MTDS/MTDS.runs/synth_1/dont_touch.xdc]
Finished Parsing XDC File [E:/Projects/MTDS/MTDS.runs/synth_1/dont_touch.xdc]
Completed Processing XDC Constraints

Netlist sorting complete. Time (s): cpu = 00:00:00 ; elapsed = 00:00:00 . Memory (MB): peak = 1259.625 ; gain = 0.000
INFO: [Project 1-111] Unisim Transformation Summary:
  A total of 8 instances were transformed.
  IOBUF => IOBUF (IBUF, OBUFT): 8 instances

Constraint Validation Runtime : Time (s): cpu = 00:00:00 ; elapsed = 00:00:00.008 . Memory (MB): peak = 1259.625 ; gain = 0.000
WARNING: [Timing 38-316] Clock period '20.000' specified during out-of-context synthesis of instance 'TOP_MTDS_i/microblaze_0_local_memory/lmb_bram' at clock pin 'clka' is different from the actual clock period '10.000', this can lead to different synthesis results.
---------------------------------------------------------------------------------
Finished Constraint Validation : Time (s): cpu = 00:00:15 ; elapsed = 00:00:16 . Memory (MB): peak = 1259.625 ; gain = 0.000
---------------------------------------------------------------------------------
---------------------------------------------------------------------------------
Start Loading Part and Timing Information
---------------------------------------------------------------------------------
Loading part: xc7a100tcsg324-1
---------------------------------------------------------------------------------
Finished Loading Part and Timing Information : Time (s): cpu = 00:00:15 ; elapsed = 00:00:16 . Memory (MB): peak = 1259.625 ; gain = 0.000
---------------------------------------------------------------------------------
---------------------------------------------------------------------------------
Start Applying 'set_property' XDC Constraints
---------------------------------------------------------------------------------
Applied set_property IO_BUFFER_TYPE = NONE for sys_clock. (constraint file  e:/Projects/MTDS/MTDS.gen/sources_1/bd/TOP_MTDS/ip/TOP_MTDS_clk_wiz_1_0/TOP_MTDS_clk_wiz_1_0/TOP_MTDS_clk_wiz_1_0_in_context.xdc, line 3).
Applied set_property CLOCK_BUFFER_TYPE = NONE for sys_clock. (constraint file  e:/Projects/MTDS/MTDS.gen/sources_1/bd/TOP_MTDS/ip/TOP_MTDS_clk_wiz_1_0/TOP_MTDS_clk_wiz_1_0/TOP_MTDS_clk_wiz_1_0_in_context.xdc, line 4).
Applied set_property KEEP_HIERARCHY = SOFT for TOP_MTDS_i. (constraint file  auto generated constraint).
Applied set_property KEEP_HIERARCHY = SOFT for TOP_MTDS_i/microblaze_0. (constraint file  auto generated constraint).
Applied set_property KEEP_HIERARCHY = SOFT for TOP_MTDS_i/microblaze_0_local_memory/dlmb_v10. (constraint file  auto generated constraint).
Applied set_property KEEP_HIERARCHY = SOFT for TOP_MTDS_i/microblaze_0_local_memory/ilmb_v10. (constraint file  auto generated constraint).
Applied set_property KEEP_HIERARCHY = SOFT for TOP_MTDS_i/microblaze_0_local_memory/dlmb_bram_if_cntlr. (constraint file  auto generated constraint).
Applied set_property KEEP_HIERARCHY = SOFT for TOP_MTDS_i/microblaze_0_local_memory/ilmb_bram_if_cntlr. (constraint file  auto generated constraint).
Applied set_property KEEP_HIERARCHY = SOFT for TOP_MTDS_i/microblaze_0_local_memory/lmb_bram. (constraint file  auto generated constraint).
Applied set_property KEEP_HIERARCHY = SOFT for TOP_MTDS_i/microblaze_0_axi_periph/xbar. (constraint file  auto generated constraint).
Applied set_property KEEP_HIERARCHY = SOFT for TOP_MTDS_i/microblaze_0_axi_periph. (constraint file  auto generated constraint).
Applied set_property KEEP_HIERARCHY = SOFT for TOP_MTDS_i/microblaze_0_axi_intc. (constraint file  auto generated constraint).
Applied set_property KEEP_HIERARCHY = SOFT for TOP_MTDS_i/microblaze_0_xlconcat. (constraint file  auto generated constraint).
Applied set_property KEEP_HIERARCHY = SOFT for TOP_MTDS_i/mdm_1. (constraint file  auto generated constraint).
Applied set_property KEEP_HIERARCHY = SOFT for TOP_MTDS_i/clk_wiz_1. (constraint file  auto generated constraint).
Applied set_property KEEP_HIERARCHY = SOFT for TOP_MTDS_i/rst_clk_wiz_1_100M. (constraint file  auto generated constraint).
Applied set_property KEEP_HIERARCHY = SOFT for TOP_MTDS_i/PmodMTDS_0. (constraint file  auto generated constraint).
---------------------------------------------------------------------------------
Finished applying 'set_property' XDC Constraints : Time (s): cpu = 00:00:16 ; elapsed = 00:00:16 . Memory (MB): peak = 1259.625 ; gain = 0.000
---------------------------------------------------------------------------------
---------------------------------------------------------------------------------
Finished RTL Optimization Phase 2 : Time (s): cpu = 00:00:16 ; elapsed = 00:00:17 . Memory (MB): peak = 1259.625 ; gain = 0.000
---------------------------------------------------------------------------------
---------------------------------------------------------------------------------
Start RTL Component Statistics 
---------------------------------------------------------------------------------
Detailed RTL Component Info : 
---------------------------------------------------------------------------------
Finished RTL Component Statistics 
---------------------------------------------------------------------------------
---------------------------------------------------------------------------------
Start Part Resource Summary
---------------------------------------------------------------------------------
Part Resources:
DSPs: 240 (col length:80)
BRAMs: 270 (col length: RAMB18 80 RAMB36 40)
---------------------------------------------------------------------------------
Finished Part Resource Summary
---------------------------------------------------------------------------------
---------------------------------------------------------------------------------
Start Cross Boundary and Area Optimization
---------------------------------------------------------------------------------
WARNING: [Synth 8-7080] Parallel synthesis criteria is not met
---------------------------------------------------------------------------------
Finished Cross Boundary and Area Optimization : Time (s): cpu = 00:00:18 ; elapsed = 00:00:18 . Memory (MB): peak = 1259.625 ; gain = 0.000
---------------------------------------------------------------------------------
---------------------------------------------------------------------------------
Start Applying XDC Timing Constraints
---------------------------------------------------------------------------------
---------------------------------------------------------------------------------
Finished Applying XDC Timing Constraints : Time (s): cpu = 00:00:24 ; elapsed = 00:00:25 . Memory (MB): peak = 1259.625 ; gain = 0.000
---------------------------------------------------------------------------------
---------------------------------------------------------------------------------
Start Timing Optimization
---------------------------------------------------------------------------------
---------------------------------------------------------------------------------
Finished Timing Optimization : Time (s): cpu = 00:00:24 ; elapsed = 00:00:25 . Memory (MB): peak = 1259.625 ; gain = 0.000
---------------------------------------------------------------------------------
---------------------------------------------------------------------------------
Start Technology Mapping
---------------------------------------------------------------------------------
---------------------------------------------------------------------------------
Finished Technology Mapping : Time (s): cpu = 00:00:24 ; elapsed = 00:00:25 . Memory (MB): peak = 1259.625 ; gain = 0.000
---------------------------------------------------------------------------------
---------------------------------------------------------------------------------
Start IO Insertion
---------------------------------------------------------------------------------
---------------------------------------------------------------------------------
Start Flattening Before IO Insertion
---------------------------------------------------------------------------------
---------------------------------------------------------------------------------
Finished Flattening Before IO Insertion
---------------------------------------------------------------------------------
---------------------------------------------------------------------------------
Start Final Netlist Cleanup
---------------------------------------------------------------------------------
---------------------------------------------------------------------------------
Finished Final Netlist Cleanup
---------------------------------------------------------------------------------
---------------------------------------------------------------------------------
Finished IO Insertion : Time (s): cpu = 00:00:29 ; elapsed = 00:00:29 . Memory (MB): peak = 1263.266 ; gain = 3.641
---------------------------------------------------------------------------------
---------------------------------------------------------------------------------
Start Renaming Generated Instances
---------------------------------------------------------------------------------
---------------------------------------------------------------------------------
Finished Renaming Generated Instances : Time (s): cpu = 00:00:29 ; elapsed = 00:00:29 . Memory (MB): peak = 1263.266 ; gain = 3.641
---------------------------------------------------------------------------------
---------------------------------------------------------------------------------
Start Rebuilding User Hierarchy
---------------------------------------------------------------------------------
---------------------------------------------------------------------------------
Finished Rebuilding User Hierarchy : Time (s): cpu = 00:00:29 ; elapsed = 00:00:29 . Memory (MB): peak = 1263.266 ; gain = 3.641
---------------------------------------------------------------------------------
---------------------------------------------------------------------------------
Start Renaming Generated Ports
---------------------------------------------------------------------------------
---------------------------------------------------------------------------------
Finished Renaming Generated Ports : Time (s): cpu = 00:00:29 ; elapsed = 00:00:29 . Memory (MB): peak = 1263.266 ; gain = 3.641
---------------------------------------------------------------------------------
---------------------------------------------------------------------------------
Start Handling Custom Attributes
---------------------------------------------------------------------------------
---------------------------------------------------------------------------------
Finished Handling Custom Attributes : Time (s): cpu = 00:00:29 ; elapsed = 00:00:29 . Memory (MB): peak = 1263.266 ; gain = 3.641
---------------------------------------------------------------------------------
---------------------------------------------------------------------------------
Start Renaming Generated Nets
---------------------------------------------------------------------------------
---------------------------------------------------------------------------------
Finished Renaming Generated Nets : Time (s): cpu = 00:00:29 ; elapsed = 00:00:29 . Memory (MB): peak = 1263.266 ; gain = 3.641
---------------------------------------------------------------------------------
---------------------------------------------------------------------------------
Start Writing Synthesis Report
---------------------------------------------------------------------------------

Report BlackBoxes: 
+------+---------------------------------+----------+
|      |BlackBox name                    |Instances |
+------+---------------------------------+----------+
|1     |TOP_MTDS_xbar_0                  |         1|
|2     |TOP_MTDS_PmodMTDS_0_0            |         1|
|3     |TOP_MTDS_clk_wiz_1_0             |         1|
|4     |TOP_MTDS_mdm_1_0                 |         1|
|5     |TOP_MTDS_microblaze_0_0          |         1|
|6     |TOP_MTDS_microblaze_0_axi_intc_0 |         1|
|7     |TOP_MTDS_rst_clk_wiz_1_100M_0    |         1|
|8     |TOP_MTDS_dlmb_bram_if_cntlr_0    |         1|
|9     |TOP_MTDS_dlmb_v10_0              |         1|
|10    |TOP_MTDS_ilmb_bram_if_cntlr_0    |         1|
|11    |TOP_MTDS_ilmb_v10_0              |         1|
|12    |TOP_MTDS_lmb_bram_0              |         1|
+------+---------------------------------+----------+

Report Cell Usage: 
+------+--------------------------------------+------+
|      |Cell                                  |Count |
+------+--------------------------------------+------+
|1     |TOP_MTDS_PmodMTDS_0_0_bbox            |     1|
|2     |TOP_MTDS_clk_wiz_1_0_bbox             |     1|
|3     |TOP_MTDS_dlmb_bram_if_cntlr_0_bbox    |     1|
|4     |TOP_MTDS_dlmb_v10_0_bbox              |     1|
|5     |TOP_MTDS_ilmb_bram_if_cntlr_0_bbox    |     1|
|6     |TOP_MTDS_ilmb_v10_0_bbox              |     1|
|7     |TOP_MTDS_lmb_bram_0_bbox              |     1|
|8     |TOP_MTDS_mdm_1_0_bbox                 |     1|
|9     |TOP_MTDS_microblaze_0_0_bbox          |     1|
|10    |TOP_MTDS_microblaze_0_axi_intc_0_bbox |     1|
|11    |TOP_MTDS_rst_clk_wiz_1_100M_0_bbox    |     1|
|12    |TOP_MTDS_xbar_0_bbox                  |     1|
|13    |IBUF                                  |     1|
|14    |IOBUF                                 |     8|
+------+--------------------------------------+------+
---------------------------------------------------------------------------------
Finished Writing Synthesis Report : Time (s): cpu = 00:00:29 ; elapsed = 00:00:29 . Memory (MB): peak = 1263.266 ; gain = 3.641
---------------------------------------------------------------------------------
Synthesis finished with 0 errors, 0 critical warnings and 11 warnings.
Synthesis Optimization Runtime : Time (s): cpu = 00:00:18 ; elapsed = 00:00:27 . Memory (MB): peak = 1263.266 ; gain = 3.641
Synthesis Optimization Complete : Time (s): cpu = 00:00:29 ; elapsed = 00:00:29 . Memory (MB): peak = 1263.266 ; gain = 3.641
INFO: [Project 1-571] Translating synthesized netlist
Netlist sorting complete. Time (s): cpu = 00:00:00 ; elapsed = 00:00:00.020 . Memory (MB): peak = 1263.266 ; gain = 0.000
INFO: [Netlist 29-17] Analyzing 8 Unisim elements for replacement
INFO: [Netlist 29-28] Unisim Transformation completed in 0 CPU seconds
INFO: [Project 1-570] Preparing netlist for logic optimization
INFO: [Opt 31-138] Pushed 0 inverter(s) to 0 load pin(s).
Netlist sorting complete. Time (s): cpu = 00:00:00 ; elapsed = 00:00:00 . Memory (MB): peak = 1293.637 ; gain = 0.000
INFO: [Project 1-111] Unisim Transformation Summary:
  A total of 8 instances were transformed.
  IOBUF => IOBUF (IBUF, OBUFT): 8 instances

Synth Design complete, checksum: cdba0f00
INFO: [Common 17-83] Releasing license: Synthesis
78 Infos, 102 Warnings, 0 Critical Warnings and 0 Errors encountered.
synth_design completed successfully
synth_design: Time (s): cpu = 00:00:33 ; elapsed = 00:00:34 . Memory (MB): peak = 1293.637 ; gain = 34.012
INFO: [Common 17-1381] The checkpoint 'E:/Projects/MTDS/MTDS.runs/synth_1/TOP_MTDS_wrapper.dcp' has been generated.
INFO: [runtcl-4] Executing : report_utilization -file TOP_MTDS_wrapper_utilization_synth.rpt -pb TOP_MTDS_wrapper_utilization_synth.pb
INFO: [Common 17-206] Exiting Vivado at Fri Apr 15 14:16:21 2022...
