12:16:49 INFO  : Launching XSCT server: xsct.bat -n  -interactive E:\ARTY_projects\ARTY_ETH\ARTY_ETH.vitis\temp_xsdb_launch_script.tcl
12:16:49 INFO  : Registering command handlers for Vitis TCF services
12:16:49 INFO  : Platform repository initialization has completed.
12:16:51 INFO  : XSCT server has started successfully.
12:16:51 INFO  : Successfully done setting XSCT server connection channel  
12:16:51 INFO  : plnx-install-location is set to ''
12:16:51 INFO  : Successfully done setting workspace for the tool. 
12:16:51 INFO  : Successfully done query RDI_DATADIR 
12:18:02 INFO  : Result from executing command 'getProjects': ARTY_ETH_platform
12:18:02 INFO  : Result from executing command 'getPlatforms': 
12:19:10 INFO  : Result from executing command 'getProjects': ARTY_ETH_platform
12:19:10 INFO  : Result from executing command 'getPlatforms': ARTY_ETH_platform|E:/ARTY_projects/ARTY_ETH/ARTY_ETH.vitis/ARTY_ETH_platform/export/ARTY_ETH_platform/ARTY_ETH_platform.xpfm
12:19:52 INFO  : Checking for BSP changes to sync application flags for project 'ARTY_ETH_echo_server'...
12:20:25 INFO  : Bit file 'E:/ARTY_projects/ARTY_ETH/ARTY_ETH.vitis/ARTY_ETH_echo_server/_ide/bitstream/download.bit' is generated.
12:20:28 INFO  : Connected to target on host '127.0.0.1' and port '3121'.
12:20:28 INFO  : 'targets -set -filter {jtag_cable_name =~ "Digilent Arty A7-100T 210319B26CF3A" && level==0 && jtag_device_ctx=="jsn-Arty A7-100T-210319B26CF3A-13631093-0"}' command is executed.
12:20:31 INFO  : Device configured successfully with "E:/ARTY_projects/ARTY_ETH/ARTY_ETH.vitis/ARTY_ETH_echo_server/_ide/bitstream/download.bit"
12:20:40 INFO  : Connected to target on host '127.0.0.1' and port '3121'.
12:20:40 INFO  : Jtag cable 'Digilent Arty A7-100T 210319B26CF3A' is selected.
12:20:40 INFO  : 'jtag frequency' command is executed.
12:20:40 INFO  : 'targets -set -filter {jtag_cable_name =~ "Digilent Arty A7-100T 210319B26CF3A" && level==0 && jtag_device_ctx=="jsn-Arty A7-100T-210319B26CF3A-13631093-0"}' command is executed.
12:20:42 INFO  : Device configured successfully with "E:/ARTY_projects/ARTY_ETH/ARTY_ETH.vitis/ARTY_ETH_echo_server/_ide/bitstream/download.bit"
12:20:42 INFO  : Context for processor 'microblaze_0' is selected.
12:20:43 INFO  : Hardware design and registers information is loaded from 'E:/ARTY_projects/ARTY_ETH/ARTY_ETH.vitis/ARTY_ETH_platform/export/ARTY_ETH_platform/hw/TOP_ARTY_ETH_wrapper.xsa'.
12:20:43 INFO  : 'configparams mdm-detect-bscan-mask 2' command is executed.
12:20:43 INFO  : Context for processor 'microblaze_0' is selected.
12:20:43 INFO  : System reset is completed.
12:20:46 INFO  : 'after 3000' command is executed.
12:20:46 INFO  : Context for processor 'microblaze_0' is selected.
12:20:46 INFO  : The application 'E:/ARTY_projects/ARTY_ETH/ARTY_ETH.vitis/ARTY_ETH_echo_server/Debug/ARTY_ETH_echo_server.elf' is downloaded to processor 'microblaze_0'.
12:20:46 INFO  : ----------------XSDB Script----------------
connect -url tcp:127.0.0.1:3121
targets -set -filter {jtag_cable_name =~ "Digilent Arty A7-100T 210319B26CF3A" && level==0 && jtag_device_ctx=="jsn-Arty A7-100T-210319B26CF3A-13631093-0"}
fpga -file E:/ARTY_projects/ARTY_ETH/ARTY_ETH.vitis/ARTY_ETH_echo_server/_ide/bitstream/download.bit
targets -set -nocase -filter {name =~ "*microblaze*#0" && bscan=="USER2" }
loadhw -hw E:/ARTY_projects/ARTY_ETH/ARTY_ETH.vitis/ARTY_ETH_platform/export/ARTY_ETH_platform/hw/TOP_ARTY_ETH_wrapper.xsa -regs
configparams mdm-detect-bscan-mask 2
targets -set -nocase -filter {name =~ "*microblaze*#0" && bscan=="USER2" }
rst -system
after 3000
targets -set -nocase -filter {name =~ "*microblaze*#0" && bscan=="USER2" }
dow E:/ARTY_projects/ARTY_ETH/ARTY_ETH.vitis/ARTY_ETH_echo_server/Debug/ARTY_ETH_echo_server.elf
----------------End of Script----------------

12:20:46 INFO  : Context for processor 'microblaze_0' is selected.
12:20:46 INFO  : 'con' command is executed.
12:20:46 INFO  : ----------------XSDB Script (After Launch)----------------
targets -set -nocase -filter {name =~ "*microblaze*#0" && bscan=="USER2" }
con
----------------End of Script----------------

12:20:46 INFO  : Launch script is exported to file 'E:\ARTY_projects\ARTY_ETH\ARTY_ETH.vitis\ARTY_ETH_echo_server_system\_ide\scripts\debugger_arty_eth_echo_server-default.tcl'
12:22:30 INFO  : Disconnected from the channel tcfchan#2.
12:22:31 INFO  : Connected to target on host '127.0.0.1' and port '3121'.
12:22:32 INFO  : Jtag cable 'Digilent Arty A7-100T 210319B26CF3A' is selected.
12:22:32 INFO  : 'jtag frequency' command is executed.
12:22:32 INFO  : 'targets -set -filter {jtag_cable_name =~ "Digilent Arty A7-100T 210319B26CF3A" && level==0 && jtag_device_ctx=="jsn-Arty A7-100T-210319B26CF3A-13631093-0"}' command is executed.
12:22:34 INFO  : Device configured successfully with "E:/ARTY_projects/ARTY_ETH/ARTY_ETH.vitis/ARTY_ETH_echo_server/_ide/bitstream/download.bit"
12:22:34 INFO  : Context for processor 'microblaze_0' is selected.
12:22:34 INFO  : Hardware design and registers information is loaded from 'E:/ARTY_projects/ARTY_ETH/ARTY_ETH.vitis/ARTY_ETH_platform/export/ARTY_ETH_platform/hw/TOP_ARTY_ETH_wrapper.xsa'.
12:22:34 INFO  : 'configparams mdm-detect-bscan-mask 2' command is executed.
12:22:34 INFO  : Context for processor 'microblaze_0' is selected.
12:22:34 INFO  : System reset is completed.
12:22:37 INFO  : 'after 3000' command is executed.
12:22:37 INFO  : Context for processor 'microblaze_0' is selected.
12:22:38 INFO  : The application 'E:/ARTY_projects/ARTY_ETH/ARTY_ETH.vitis/ARTY_ETH_echo_server/Debug/ARTY_ETH_echo_server.elf' is downloaded to processor 'microblaze_0'.
12:22:38 INFO  : ----------------XSDB Script----------------
connect -url tcp:127.0.0.1:3121
targets -set -filter {jtag_cable_name =~ "Digilent Arty A7-100T 210319B26CF3A" && level==0 && jtag_device_ctx=="jsn-Arty A7-100T-210319B26CF3A-13631093-0"}
fpga -file E:/ARTY_projects/ARTY_ETH/ARTY_ETH.vitis/ARTY_ETH_echo_server/_ide/bitstream/download.bit
targets -set -nocase -filter {name =~ "*microblaze*#0" && bscan=="USER2" }
loadhw -hw E:/ARTY_projects/ARTY_ETH/ARTY_ETH.vitis/ARTY_ETH_platform/export/ARTY_ETH_platform/hw/TOP_ARTY_ETH_wrapper.xsa -regs
configparams mdm-detect-bscan-mask 2
targets -set -nocase -filter {name =~ "*microblaze*#0" && bscan=="USER2" }
rst -system
after 3000
targets -set -nocase -filter {name =~ "*microblaze*#0" && bscan=="USER2" }
dow E:/ARTY_projects/ARTY_ETH/ARTY_ETH.vitis/ARTY_ETH_echo_server/Debug/ARTY_ETH_echo_server.elf
----------------End of Script----------------

12:22:38 INFO  : Context for processor 'microblaze_0' is selected.
12:22:38 INFO  : 'con' command is executed.
12:22:38 INFO  : ----------------XSDB Script (After Launch)----------------
targets -set -nocase -filter {name =~ "*microblaze*#0" && bscan=="USER2" }
con
----------------End of Script----------------

12:22:38 INFO  : Launch script is exported to file 'E:\ARTY_projects\ARTY_ETH\ARTY_ETH.vitis\ARTY_ETH_echo_server_system\_ide\scripts\debugger_arty_eth_echo_server-default.tcl'
12:23:42 INFO  : Disconnected from the channel tcfchan#3.
