TRACE::2022-04-15.14:21:58::SCWPlatform::Trying to open the hw design at E:/Projects/MTDS/MTDS.vitis/MTDS_Platform/hw/TOP_MTDS_wrapper.xsa
TRACE::2022-04-15.14:21:58::SCWPlatform::DSA given E:/Projects/MTDS/MTDS.vitis/MTDS_Platform/hw/TOP_MTDS_wrapper.xsa
TRACE::2022-04-15.14:21:58::SCWPlatform::DSA absoulate path E:/Projects/MTDS/MTDS.vitis/MTDS_Platform/hw/TOP_MTDS_wrapper.xsa
TRACE::2022-04-15.14:21:58::SCWPlatform::DSA directory E:/Projects/MTDS/MTDS.vitis/MTDS_Platform/hw
TRACE::2022-04-15.14:21:58::SCWPlatform:: Platform Path E:/Projects/MTDS/MTDS.vitis/MTDS_Platform/hw/TOP_MTDS_wrapper.xsa
TRACE::2022-04-15.14:21:58::SCWPlatform:: Unique name xilinx:arty-a7-100::0.0
TRACE::2022-04-15.14:21:58::SCWPlatform::Do not have an existing db opened. 
TRACE::2022-04-15.14:21:58::SCWPlatform::Opened new HwDB with name TOP_MTDS_wrapper_0
TRACE::2022-04-15.14:21:58::SCWWriter::formatted JSON is {
	"platformName":	"MTDS_Platform",
	"sprVersion":	"2.0",
	"mode":	"gui",
	"dsaType":	"Fixed",
	"platformDesc":	"MTDS_Platform",
	"platHandOff":	"E:/Projects/MTDS/TOP_MTDS_wrapper.xsa",
	"platIntHandOff":	"<platformDir>/hw/TOP_MTDS_wrapper.xsa",
	"deviceType":	"FPGA",
	"platIsPrebuiltAutogen":	"false",
	"platIsNoBootBsp":	"false",
	"hasFsblMakeHasChanges":	"false",
	"hasPmufwMakeHasChanges":	"false",
	"platPreBuiltFlag":	false,
	"platformSamplesDir":	""
}
TRACE::2022-04-15.14:21:58::SCWWriter::formatted JSON is {
	"platformName":	"MTDS_Platform",
	"sprVersion":	"2.0",
	"mode":	"gui",
	"dsaType":	"Fixed",
	"platformDesc":	"MTDS_Platform",
	"platHandOff":	"E:/Projects/MTDS/TOP_MTDS_wrapper.xsa",
	"platIntHandOff":	"<platformDir>/hw/TOP_MTDS_wrapper.xsa",
	"deviceType":	"FPGA",
	"platIsPrebuiltAutogen":	"false",
	"platIsNoBootBsp":	"false",
	"hasFsblMakeHasChanges":	"false",
	"hasPmufwMakeHasChanges":	"false",
	"platPreBuiltFlag":	false,
	"platformSamplesDir":	"",
	"platActiveSys":	"MTDS_Platform",
	"systems":	[{
			"systemName":	"MTDS_Platform",
			"systemDesc":	"MTDS_Platform",
			"sysIsBootAutoGen":	"true",
			"systemDispName":	"MTDS_Platform"
		}]
}
TRACE::2022-04-15.14:21:58::SCWPlatform::Boot application domains not present, creating them
TRACE::2022-04-15.14:21:58::SCWPlatform::Pure FPGA device, no boot application will be created.
TRACE::2022-04-15.14:21:58::SCWWriter::formatted JSON is {
	"platformName":	"MTDS_Platform",
	"sprVersion":	"2.0",
	"mode":	"gui",
	"dsaType":	"Fixed",
	"platformDesc":	"MTDS_Platform",
	"platHandOff":	"E:/Projects/MTDS/TOP_MTDS_wrapper.xsa",
	"platIntHandOff":	"<platformDir>/hw/TOP_MTDS_wrapper.xsa",
	"deviceType":	"FPGA",
	"platIsPrebuiltAutogen":	"false",
	"platIsNoBootBsp":	"false",
	"hasFsblMakeHasChanges":	"false",
	"hasPmufwMakeHasChanges":	"false",
	"platPreBuiltFlag":	false,
	"platformSamplesDir":	"",
	"platActiveSys":	"MTDS_Platform",
	"systems":	[{
			"systemName":	"MTDS_Platform",
			"systemDesc":	"MTDS_Platform",
			"sysIsBootAutoGen":	"true",
			"systemDispName":	"MTDS_Platform"
		}]
}
TRACE::2022-04-15.14:21:58::SCWPlatform::Trying to open the hw design at E:/Projects/MTDS/MTDS.vitis/MTDS_Platform/hw/TOP_MTDS_wrapper.xsa
TRACE::2022-04-15.14:21:58::SCWPlatform::DSA given E:/Projects/MTDS/MTDS.vitis/MTDS_Platform/hw/TOP_MTDS_wrapper.xsa
TRACE::2022-04-15.14:21:58::SCWPlatform::DSA absoulate path E:/Projects/MTDS/MTDS.vitis/MTDS_Platform/hw/TOP_MTDS_wrapper.xsa
TRACE::2022-04-15.14:21:58::SCWPlatform::DSA directory E:/Projects/MTDS/MTDS.vitis/MTDS_Platform/hw
TRACE::2022-04-15.14:21:58::SCWPlatform:: Platform Path E:/Projects/MTDS/MTDS.vitis/MTDS_Platform/hw/TOP_MTDS_wrapper.xsa
TRACE::2022-04-15.14:21:58::SCWPlatform:: Unique name xilinx:arty-a7-100::0.0
TRACE::2022-04-15.14:21:58::SCWPlatform::Trying to set the existing hwdb with name TOP_MTDS_wrapper_0
TRACE::2022-04-15.14:21:58::SCWPlatform::Opened existing hwdb TOP_MTDS_wrapper_0
TRACE::2022-04-15.14:21:58::SCWPlatform::Found the Hw Db part of the input DSA
TRACE::2022-04-15.14:21:58::SCWPlatform::Trying to open the hw design at E:/Projects/MTDS/MTDS.vitis/MTDS_Platform/hw/TOP_MTDS_wrapper.xsa
TRACE::2022-04-15.14:21:58::SCWPlatform::DSA given E:/Projects/MTDS/MTDS.vitis/MTDS_Platform/hw/TOP_MTDS_wrapper.xsa
TRACE::2022-04-15.14:21:58::SCWPlatform::DSA absoulate path E:/Projects/MTDS/MTDS.vitis/MTDS_Platform/hw/TOP_MTDS_wrapper.xsa
TRACE::2022-04-15.14:21:58::SCWPlatform::DSA directory E:/Projects/MTDS/MTDS.vitis/MTDS_Platform/hw
TRACE::2022-04-15.14:21:58::SCWPlatform:: Platform Path E:/Projects/MTDS/MTDS.vitis/MTDS_Platform/hw/TOP_MTDS_wrapper.xsa
TRACE::2022-04-15.14:21:58::SCWPlatform:: Unique name xilinx:arty-a7-100::0.0
TRACE::2022-04-15.14:21:58::SCWPlatform::Trying to set the existing hwdb with name TOP_MTDS_wrapper_0
TRACE::2022-04-15.14:21:58::SCWPlatform::Opened existing hwdb TOP_MTDS_wrapper_0
TRACE::2022-04-15.14:21:58::SCWPlatform::Found the Hw Db part of the input DSA
TRACE::2022-04-15.14:21:58::SCWPlatform::Trying to open the hw design at E:/Projects/MTDS/MTDS.vitis/MTDS_Platform/hw/TOP_MTDS_wrapper.xsa
TRACE::2022-04-15.14:21:58::SCWPlatform::DSA given E:/Projects/MTDS/MTDS.vitis/MTDS_Platform/hw/TOP_MTDS_wrapper.xsa
TRACE::2022-04-15.14:21:58::SCWPlatform::DSA absoulate path E:/Projects/MTDS/MTDS.vitis/MTDS_Platform/hw/TOP_MTDS_wrapper.xsa
TRACE::2022-04-15.14:21:58::SCWPlatform::DSA directory E:/Projects/MTDS/MTDS.vitis/MTDS_Platform/hw
TRACE::2022-04-15.14:21:58::SCWPlatform:: Platform Path E:/Projects/MTDS/MTDS.vitis/MTDS_Platform/hw/TOP_MTDS_wrapper.xsa
TRACE::2022-04-15.14:21:58::SCWPlatform:: Unique name xilinx:arty-a7-100::0.0
TRACE::2022-04-15.14:21:58::SCWPlatform::Trying to set the existing hwdb with name TOP_MTDS_wrapper_0
TRACE::2022-04-15.14:21:58::SCWPlatform::Opened existing hwdb TOP_MTDS_wrapper_0
TRACE::2022-04-15.14:21:58::SCWPlatform::Found the Hw Db part of the input DSA
TRACE::2022-04-15.14:21:58::SCWDomain::checking for install qemu data   : 
TRACE::2022-04-15.14:21:58::SCWPlatform::Trying to open the hw design at E:/Projects/MTDS/MTDS.vitis/MTDS_Platform/hw/TOP_MTDS_wrapper.xsa
TRACE::2022-04-15.14:21:58::SCWPlatform::DSA given E:/Projects/MTDS/MTDS.vitis/MTDS_Platform/hw/TOP_MTDS_wrapper.xsa
TRACE::2022-04-15.14:21:58::SCWPlatform::DSA absoulate path E:/Projects/MTDS/MTDS.vitis/MTDS_Platform/hw/TOP_MTDS_wrapper.xsa
TRACE::2022-04-15.14:21:58::SCWPlatform::DSA directory E:/Projects/MTDS/MTDS.vitis/MTDS_Platform/hw
TRACE::2022-04-15.14:21:58::SCWPlatform:: Platform Path E:/Projects/MTDS/MTDS.vitis/MTDS_Platform/hw/TOP_MTDS_wrapper.xsa
TRACE::2022-04-15.14:21:58::SCWPlatform:: Unique name xilinx:arty-a7-100::0.0
TRACE::2022-04-15.14:21:58::SCWPlatform::Trying to set the existing hwdb with name TOP_MTDS_wrapper_0
TRACE::2022-04-15.14:21:58::SCWPlatform::Opened existing hwdb TOP_MTDS_wrapper_0
TRACE::2022-04-15.14:21:58::SCWPlatform::Found the Hw Db part of the input DSA
TRACE::2022-04-15.14:21:58::SCWPlatform::Trying to open the hw design at E:/Projects/MTDS/MTDS.vitis/MTDS_Platform/hw/TOP_MTDS_wrapper.xsa
TRACE::2022-04-15.14:21:58::SCWPlatform::DSA given E:/Projects/MTDS/MTDS.vitis/MTDS_Platform/hw/TOP_MTDS_wrapper.xsa
TRACE::2022-04-15.14:21:58::SCWPlatform::DSA absoulate path E:/Projects/MTDS/MTDS.vitis/MTDS_Platform/hw/TOP_MTDS_wrapper.xsa
TRACE::2022-04-15.14:21:58::SCWPlatform::DSA directory E:/Projects/MTDS/MTDS.vitis/MTDS_Platform/hw
TRACE::2022-04-15.14:21:58::SCWPlatform:: Platform Path E:/Projects/MTDS/MTDS.vitis/MTDS_Platform/hw/TOP_MTDS_wrapper.xsa
TRACE::2022-04-15.14:21:58::SCWPlatform:: Unique name xilinx:arty-a7-100::0.0
TRACE::2022-04-15.14:21:58::SCWPlatform::Trying to set the existing hwdb with name TOP_MTDS_wrapper_0
TRACE::2022-04-15.14:21:58::SCWPlatform::Opened existing hwdb TOP_MTDS_wrapper_0
TRACE::2022-04-15.14:21:58::SCWPlatform::Found the Hw Db part of the input DSA
TRACE::2022-04-15.14:21:58::SCWPlatform::Trying to open the hw design at E:/Projects/MTDS/MTDS.vitis/MTDS_Platform/hw/TOP_MTDS_wrapper.xsa
TRACE::2022-04-15.14:21:58::SCWPlatform::DSA given E:/Projects/MTDS/MTDS.vitis/MTDS_Platform/hw/TOP_MTDS_wrapper.xsa
TRACE::2022-04-15.14:21:58::SCWPlatform::DSA absoulate path E:/Projects/MTDS/MTDS.vitis/MTDS_Platform/hw/TOP_MTDS_wrapper.xsa
TRACE::2022-04-15.14:21:58::SCWPlatform::DSA directory E:/Projects/MTDS/MTDS.vitis/MTDS_Platform/hw
TRACE::2022-04-15.14:21:58::SCWPlatform:: Platform Path E:/Projects/MTDS/MTDS.vitis/MTDS_Platform/hw/TOP_MTDS_wrapper.xsa
TRACE::2022-04-15.14:21:58::SCWPlatform:: Unique name xilinx:arty-a7-100::0.0
TRACE::2022-04-15.14:21:58::SCWPlatform::Trying to set the existing hwdb with name TOP_MTDS_wrapper_0
TRACE::2022-04-15.14:21:58::SCWPlatform::Opened existing hwdb TOP_MTDS_wrapper_0
TRACE::2022-04-15.14:21:58::SCWPlatform::Found the Hw Db part of the input DSA
TRACE::2022-04-15.14:21:58::SCWMssOS::Checking the sw design at  E:/Projects/MTDS/MTDS.vitis/MTDS_Platform/microblaze_0/standalone_domain/bsp/system.mss
TRACE::2022-04-15.14:21:58::SCWMssOS::DEBUG:  swdes dump  
TRACE::2022-04-15.14:21:58::SCWMssOS::No sw design opened at  E:/Projects/MTDS/MTDS.vitis/MTDS_Platform/microblaze_0/standalone_domain/bsp/system.mss
TRACE::2022-04-15.14:21:58::SCWMssOS::mss does not exists at E:/Projects/MTDS/MTDS.vitis/MTDS_Platform/microblaze_0/standalone_domain/bsp/system.mss
TRACE::2022-04-15.14:21:58::SCWMssOS::Creating sw design at  E:/Projects/MTDS/MTDS.vitis/MTDS_Platform/microblaze_0/standalone_domain/bsp/system.mss
TRACE::2022-04-15.14:21:58::SCWMssOS::Adding the swdes entry, created swdb E:/Projects/MTDS/MTDS.vitis/MTDS_Platform/microblaze_0/standalone_domain/bsp/system.mss with des name E:/Projects/MTDS/MTDS.vitis/MTDS_Platform/microblaze_0/standalone_domain/bsp/system.mss
TRACE::2022-04-15.14:21:58::SCWMssOS::updating the scw layer changes to swdes at   E:/Projects/MTDS/MTDS.vitis/MTDS_Platform/microblaze_0/standalone_domain/bsp/system.mss
TRACE::2022-04-15.14:21:58::SCWMssOS::Writing mss at E:/Projects/MTDS/MTDS.vitis/MTDS_Platform/microblaze_0/standalone_domain/bsp/system.mss
TRACE::2022-04-15.14:21:58::SCWMssOS::Completed writing the mss file at E:/Projects/MTDS/MTDS.vitis/MTDS_Platform/microblaze_0/standalone_domain/bsp
TRACE::2022-04-15.14:21:58::SCWMssOS::Picking up changes from newly written mss file into SCW Layer. 
TRACE::2022-04-15.14:21:58::SCWMssOS::Updated the changes from newly written mss file into SCW Layer. 
TRACE::2022-04-15.14:21:58::SCWMssOS::Completed writing the mss file at E:/Projects/MTDS/MTDS.vitis/MTDS_Platform/microblaze_0/standalone_domain/bsp
TRACE::2022-04-15.14:21:58::SCWMssOS::Forcing BSP Sources regeneration.
TRACE::2022-04-15.14:22:02::SCWMssOS::Saving the mss changes E:/Projects/MTDS/MTDS.vitis/MTDS_Platform/microblaze_0/standalone_domain/bsp/system.mss
TRACE::2022-04-15.14:22:02::SCWMssOS::Adding the swdes entry, mss present, able to open swdb E:/Projects/MTDS/MTDS.vitis/MTDS_Platform/microblaze_0/standalone_domain/bsp/system.mss with des name system
TRACE::2022-04-15.14:22:02::SCWMssOS::Writing the mss file completed E:/Projects/MTDS/MTDS.vitis/MTDS_Platform/microblaze_0/standalone_domain/bsp/system.mss
TRACE::2022-04-15.14:22:02::SCWMssOS::Commit changes completed.
TRACE::2022-04-15.14:22:02::SCWPlatform::Trying to open the hw design at E:/Projects/MTDS/MTDS.vitis/MTDS_Platform/hw/TOP_MTDS_wrapper.xsa
TRACE::2022-04-15.14:22:02::SCWPlatform::DSA given E:/Projects/MTDS/MTDS.vitis/MTDS_Platform/hw/TOP_MTDS_wrapper.xsa
TRACE::2022-04-15.14:22:02::SCWPlatform::DSA absoulate path E:/Projects/MTDS/MTDS.vitis/MTDS_Platform/hw/TOP_MTDS_wrapper.xsa
TRACE::2022-04-15.14:22:02::SCWPlatform::DSA directory E:/Projects/MTDS/MTDS.vitis/MTDS_Platform/hw
TRACE::2022-04-15.14:22:02::SCWPlatform:: Platform Path E:/Projects/MTDS/MTDS.vitis/MTDS_Platform/hw/TOP_MTDS_wrapper.xsa
TRACE::2022-04-15.14:22:02::SCWPlatform:: Unique name xilinx:arty-a7-100::0.0
TRACE::2022-04-15.14:22:02::SCWPlatform::Trying to set the existing hwdb with name TOP_MTDS_wrapper_0
TRACE::2022-04-15.14:22:02::SCWPlatform::Opened existing hwdb TOP_MTDS_wrapper_0
TRACE::2022-04-15.14:22:02::SCWPlatform::Found the Hw Db part of the input DSA
TRACE::2022-04-15.14:22:02::SCWMssOS::Checking the sw design at  E:/Projects/MTDS/MTDS.vitis/MTDS_Platform/microblaze_0/standalone_domain/bsp/system.mss
TRACE::2022-04-15.14:22:02::SCWMssOS::DEBUG:  swdes dump  E:/Projects/MTDS/MTDS.vitis/MTDS_Platform/microblaze_0/standalone_domain/bsp/system.mss|system||

TRACE::2022-04-15.14:22:02::SCWMssOS::Sw design exists and opened at  E:/Projects/MTDS/MTDS.vitis/MTDS_Platform/microblaze_0/standalone_domain/bsp/system.mss
TRACE::2022-04-15.14:22:02::SCWPlatform::Trying to open the hw design at E:/Projects/MTDS/MTDS.vitis/MTDS_Platform/hw/TOP_MTDS_wrapper.xsa
TRACE::2022-04-15.14:22:02::SCWPlatform::DSA given E:/Projects/MTDS/MTDS.vitis/MTDS_Platform/hw/TOP_MTDS_wrapper.xsa
TRACE::2022-04-15.14:22:02::SCWPlatform::DSA absoulate path E:/Projects/MTDS/MTDS.vitis/MTDS_Platform/hw/TOP_MTDS_wrapper.xsa
TRACE::2022-04-15.14:22:02::SCWPlatform::DSA directory E:/Projects/MTDS/MTDS.vitis/MTDS_Platform/hw
TRACE::2022-04-15.14:22:02::SCWPlatform:: Platform Path E:/Projects/MTDS/MTDS.vitis/MTDS_Platform/hw/TOP_MTDS_wrapper.xsa
TRACE::2022-04-15.14:22:02::SCWPlatform:: Unique name xilinx:arty-a7-100::0.0
TRACE::2022-04-15.14:22:02::SCWPlatform::Trying to set the existing hwdb with name TOP_MTDS_wrapper_0
TRACE::2022-04-15.14:22:02::SCWPlatform::Opened existing hwdb TOP_MTDS_wrapper_0
TRACE::2022-04-15.14:22:02::SCWPlatform::Found the Hw Db part of the input DSA
TRACE::2022-04-15.14:22:02::SCWMssOS::Checking the sw design at  E:/Projects/MTDS/MTDS.vitis/MTDS_Platform/microblaze_0/standalone_domain/bsp/system.mss
TRACE::2022-04-15.14:22:02::SCWMssOS::DEBUG:  swdes dump  E:/Projects/MTDS/MTDS.vitis/MTDS_Platform/microblaze_0/standalone_domain/bsp/system.mss|system||

TRACE::2022-04-15.14:22:02::SCWMssOS::Sw design exists and opened at  E:/Projects/MTDS/MTDS.vitis/MTDS_Platform/microblaze_0/standalone_domain/bsp/system.mss
TRACE::2022-04-15.14:22:02::SCWPlatform::Trying to open the hw design at E:/Projects/MTDS/MTDS.vitis/MTDS_Platform/hw/TOP_MTDS_wrapper.xsa
TRACE::2022-04-15.14:22:02::SCWPlatform::DSA given E:/Projects/MTDS/MTDS.vitis/MTDS_Platform/hw/TOP_MTDS_wrapper.xsa
TRACE::2022-04-15.14:22:02::SCWPlatform::DSA absoulate path E:/Projects/MTDS/MTDS.vitis/MTDS_Platform/hw/TOP_MTDS_wrapper.xsa
TRACE::2022-04-15.14:22:02::SCWPlatform::DSA directory E:/Projects/MTDS/MTDS.vitis/MTDS_Platform/hw
TRACE::2022-04-15.14:22:02::SCWPlatform:: Platform Path E:/Projects/MTDS/MTDS.vitis/MTDS_Platform/hw/TOP_MTDS_wrapper.xsa
TRACE::2022-04-15.14:22:02::SCWPlatform:: Unique name xilinx:arty-a7-100::0.0
TRACE::2022-04-15.14:22:02::SCWPlatform::Trying to set the existing hwdb with name TOP_MTDS_wrapper_0
TRACE::2022-04-15.14:22:02::SCWPlatform::Opened existing hwdb TOP_MTDS_wrapper_0
TRACE::2022-04-15.14:22:02::SCWPlatform::Found the Hw Db part of the input DSA
TRACE::2022-04-15.14:22:02::SCWMssOS::Checking the sw design at  E:/Projects/MTDS/MTDS.vitis/MTDS_Platform/microblaze_0/standalone_domain/bsp/system.mss
TRACE::2022-04-15.14:22:02::SCWMssOS::DEBUG:  swdes dump  E:/Projects/MTDS/MTDS.vitis/MTDS_Platform/microblaze_0/standalone_domain/bsp/system.mss|system||

TRACE::2022-04-15.14:22:02::SCWMssOS::Sw design exists and opened at  E:/Projects/MTDS/MTDS.vitis/MTDS_Platform/microblaze_0/standalone_domain/bsp/system.mss
TRACE::2022-04-15.14:22:02::SCWWriter::formatted JSON is {
	"platformName":	"MTDS_Platform",
	"sprVersion":	"2.0",
	"mode":	"gui",
	"dsaType":	"Fixed",
	"platformDesc":	"MTDS_Platform",
	"platHandOff":	"E:/Projects/MTDS/TOP_MTDS_wrapper.xsa",
	"platIntHandOff":	"<platformDir>/hw/TOP_MTDS_wrapper.xsa",
	"deviceType":	"FPGA",
	"platIsPrebuiltAutogen":	"false",
	"platIsNoBootBsp":	"false",
	"hasFsblMakeHasChanges":	"false",
	"hasPmufwMakeHasChanges":	"false",
	"platPreBuiltFlag":	false,
	"platformSamplesDir":	"",
	"platActiveSys":	"MTDS_Platform",
	"systems":	[{
			"systemName":	"MTDS_Platform",
			"systemDesc":	"MTDS_Platform",
			"sysIsBootAutoGen":	"true",
			"systemDispName":	"MTDS_Platform",
			"sysActiveDom":	"standalone_domain",
			"sysDefaultDom":	"standalone_domain",
			"domains":	[{
					"domainName":	"standalone_domain",
					"domainDispName":	"standalone_domain",
					"domainDesc":	"standalone_domain",
					"processors":	"microblaze_0",
					"os":	"standalone",
					"sdxOs":	"standalone",
					"debugEnable":	"False",
					"domRuntimes":	["cpp"],
					"swRepo":	"",
					"mssOsVer":	"7.6",
					"mssFile":	"",
					"md5Digest":	"84daeddfdb4aa1b80c8789a1237ab70c",
					"compatibleApp":	"",
					"domType":	"mssDomain",
					"arch":	"32-bit",
					"appSettings":	{
						"appCompilerFlags":	"",
						"appLinkerFlags":	""
					},
					"addedLibs":	[],
					"libOptions":	{
						"libsContainingOptions":	[]
					},
					"prebuiltLibs":	{
						"prebuiltIncPath":	[],
						"prebuiltLibPath":	[]
					},
					"isolation":	{
					}
				}]
		}]
}
LOG::2022-04-15.14:22:02::SCWPlatform::Started generating the artifacts platform MTDS_Platform
TRACE::2022-04-15.14:22:02::SCWPlatform::Sanity checking of platform is completed
LOG::2022-04-15.14:22:02::SCWPlatform::Started generating the artifacts for system configuration MTDS_Platform
LOG::2022-04-15.14:22:02::SCWSystem::Checking the domain standalone_domain
LOG::2022-04-15.14:22:02::SCWSystem::Not a boot domain 
LOG::2022-04-15.14:22:02::SCWSystem::Started Processing the domain standalone_domain
TRACE::2022-04-15.14:22:02::SCWDomain::Generating domain artifcats
TRACE::2022-04-15.14:22:02::SCWMssOS::Generating standalone artifcats
TRACE::2022-04-15.14:22:02::SCWMssOS:: Copying the user libraries. 
TRACE::2022-04-15.14:22:02::SCWPlatform::Trying to open the hw design at E:/Projects/MTDS/MTDS.vitis/MTDS_Platform/hw/TOP_MTDS_wrapper.xsa
TRACE::2022-04-15.14:22:02::SCWPlatform::DSA given E:/Projects/MTDS/MTDS.vitis/MTDS_Platform/hw/TOP_MTDS_wrapper.xsa
TRACE::2022-04-15.14:22:02::SCWPlatform::DSA absoulate path E:/Projects/MTDS/MTDS.vitis/MTDS_Platform/hw/TOP_MTDS_wrapper.xsa
TRACE::2022-04-15.14:22:02::SCWPlatform::DSA directory E:/Projects/MTDS/MTDS.vitis/MTDS_Platform/hw
TRACE::2022-04-15.14:22:02::SCWPlatform:: Platform Path E:/Projects/MTDS/MTDS.vitis/MTDS_Platform/hw/TOP_MTDS_wrapper.xsa
TRACE::2022-04-15.14:22:02::SCWPlatform:: Unique name xilinx:arty-a7-100::0.0
TRACE::2022-04-15.14:22:02::SCWPlatform::Trying to set the existing hwdb with name TOP_MTDS_wrapper_0
TRACE::2022-04-15.14:22:02::SCWPlatform::Opened existing hwdb TOP_MTDS_wrapper_0
TRACE::2022-04-15.14:22:02::SCWPlatform::Found the Hw Db part of the input DSA
TRACE::2022-04-15.14:22:02::SCWMssOS::Checking the sw design at  E:/Projects/MTDS/MTDS.vitis/MTDS_Platform/microblaze_0/standalone_domain/bsp/system.mss
TRACE::2022-04-15.14:22:02::SCWMssOS::DEBUG:  swdes dump  E:/Projects/MTDS/MTDS.vitis/MTDS_Platform/microblaze_0/standalone_domain/bsp/system.mss|system||

TRACE::2022-04-15.14:22:02::SCWMssOS::Sw design exists and opened at  E:/Projects/MTDS/MTDS.vitis/MTDS_Platform/microblaze_0/standalone_domain/bsp/system.mss
TRACE::2022-04-15.14:22:02::SCWMssOS::Completed writing the mss file at E:/Projects/MTDS/MTDS.vitis/MTDS_Platform/microblaze_0/standalone_domain/bsp
TRACE::2022-04-15.14:22:02::SCWMssOS::Mss edits present, copying mssfile into export location E:/Projects/MTDS/MTDS.vitis/MTDS_Platform/microblaze_0/standalone_domain/bsp/system.mss
TRACE::2022-04-15.14:22:02::SCWMssOS::bsp generated is upto date with the mss file. Skipping bsp generation.
TRACE::2022-04-15.14:22:02::SCWMssOS::BSP is already built. skipping the bsp build ... 
TRACE::2022-04-15.14:22:02::SCWDomain::Skipping the build for domain :  standalone_domain
TRACE::2022-04-15.14:22:02::SCWMssOS::skipping the bsp build ... 
TRACE::2022-04-15.14:22:02::SCWMssOS::Copying to export directory.
TRACE::2022-04-15.14:22:02::SCWMssOS:: Checking if to create the Supporting Applications
TRACE::2022-04-15.14:22:02::SCWMssOS:: No Linux domain exists, trying to generate FSBL 
LOG::2022-04-15.14:22:02::SCWSystem::Completed Processing the domain standalone_domain
LOG::2022-04-15.14:22:02::SCWSystem::Completed Processing the sysconfig MTDS_Platform
LOG::2022-04-15.14:22:02::SCWPlatform::Completed generating the artifacts for system configuration MTDS_Platform
TRACE::2022-04-15.14:22:02::SCWPlatform::Started preparing the platform 
TRACE::2022-04-15.14:22:02::SCWSystem::Writing the bif file for system config MTDS_Platform
TRACE::2022-04-15.14:22:02::SCWSystem::dir created 
TRACE::2022-04-15.14:22:02::SCWSystem::Writing the bif 
TRACE::2022-04-15.14:22:02::SCWPlatform::Started writing the spfm file 
TRACE::2022-04-15.14:22:02::SCWPlatform::Started writing the xpfm file 
TRACE::2022-04-15.14:22:02::SCWPlatform::Completed generating the platform
TRACE::2022-04-15.14:22:02::SCWMssOS::Saving the mss changes E:/Projects/MTDS/MTDS.vitis/MTDS_Platform/microblaze_0/standalone_domain/bsp/system.mss
TRACE::2022-04-15.14:22:02::SCWMssOS::Found a swdesign opened with the mssfile.
TRACE::2022-04-15.14:22:02::SCWMssOS::Completed writemss as part of save.
TRACE::2022-04-15.14:22:02::SCWMssOS::Commit changes completed.
TRACE::2022-04-15.14:22:02::SCWPlatform::Trying to open the hw design at E:/Projects/MTDS/MTDS.vitis/MTDS_Platform/hw/TOP_MTDS_wrapper.xsa
TRACE::2022-04-15.14:22:02::SCWPlatform::DSA given E:/Projects/MTDS/MTDS.vitis/MTDS_Platform/hw/TOP_MTDS_wrapper.xsa
TRACE::2022-04-15.14:22:02::SCWPlatform::DSA absoulate path E:/Projects/MTDS/MTDS.vitis/MTDS_Platform/hw/TOP_MTDS_wrapper.xsa
TRACE::2022-04-15.14:22:02::SCWPlatform::DSA directory E:/Projects/MTDS/MTDS.vitis/MTDS_Platform/hw
TRACE::2022-04-15.14:22:02::SCWPlatform:: Platform Path E:/Projects/MTDS/MTDS.vitis/MTDS_Platform/hw/TOP_MTDS_wrapper.xsa
TRACE::2022-04-15.14:22:02::SCWPlatform:: Unique name xilinx:arty-a7-100::0.0
TRACE::2022-04-15.14:22:02::SCWPlatform::Trying to set the existing hwdb with name TOP_MTDS_wrapper_0
TRACE::2022-04-15.14:22:02::SCWPlatform::Opened existing hwdb TOP_MTDS_wrapper_0
TRACE::2022-04-15.14:22:02::SCWPlatform::Found the Hw Db part of the input DSA
TRACE::2022-04-15.14:22:02::SCWMssOS::Checking the sw design at  E:/Projects/MTDS/MTDS.vitis/MTDS_Platform/microblaze_0/standalone_domain/bsp/system.mss
TRACE::2022-04-15.14:22:02::SCWMssOS::DEBUG:  swdes dump  E:/Projects/MTDS/MTDS.vitis/MTDS_Platform/microblaze_0/standalone_domain/bsp/system.mss|system||

TRACE::2022-04-15.14:22:02::SCWMssOS::Sw design exists and opened at  E:/Projects/MTDS/MTDS.vitis/MTDS_Platform/microblaze_0/standalone_domain/bsp/system.mss
TRACE::2022-04-15.14:22:02::SCWPlatform::Trying to open the hw design at E:/Projects/MTDS/MTDS.vitis/MTDS_Platform/hw/TOP_MTDS_wrapper.xsa
TRACE::2022-04-15.14:22:02::SCWPlatform::DSA given E:/Projects/MTDS/MTDS.vitis/MTDS_Platform/hw/TOP_MTDS_wrapper.xsa
TRACE::2022-04-15.14:22:02::SCWPlatform::DSA absoulate path E:/Projects/MTDS/MTDS.vitis/MTDS_Platform/hw/TOP_MTDS_wrapper.xsa
TRACE::2022-04-15.14:22:02::SCWPlatform::DSA directory E:/Projects/MTDS/MTDS.vitis/MTDS_Platform/hw
TRACE::2022-04-15.14:22:02::SCWPlatform:: Platform Path E:/Projects/MTDS/MTDS.vitis/MTDS_Platform/hw/TOP_MTDS_wrapper.xsa
TRACE::2022-04-15.14:22:02::SCWPlatform:: Unique name xilinx:arty-a7-100::0.0
TRACE::2022-04-15.14:22:02::SCWPlatform::Trying to set the existing hwdb with name TOP_MTDS_wrapper_0
TRACE::2022-04-15.14:22:02::SCWPlatform::Opened existing hwdb TOP_MTDS_wrapper_0
TRACE::2022-04-15.14:22:02::SCWPlatform::Found the Hw Db part of the input DSA
TRACE::2022-04-15.14:22:02::SCWMssOS::Checking the sw design at  E:/Projects/MTDS/MTDS.vitis/MTDS_Platform/microblaze_0/standalone_domain/bsp/system.mss
TRACE::2022-04-15.14:22:02::SCWMssOS::DEBUG:  swdes dump  E:/Projects/MTDS/MTDS.vitis/MTDS_Platform/microblaze_0/standalone_domain/bsp/system.mss|system||

TRACE::2022-04-15.14:22:02::SCWMssOS::Sw design exists and opened at  E:/Projects/MTDS/MTDS.vitis/MTDS_Platform/microblaze_0/standalone_domain/bsp/system.mss
TRACE::2022-04-15.14:22:02::SCWPlatform::Trying to open the hw design at E:/Projects/MTDS/MTDS.vitis/MTDS_Platform/hw/TOP_MTDS_wrapper.xsa
TRACE::2022-04-15.14:22:02::SCWPlatform::DSA given E:/Projects/MTDS/MTDS.vitis/MTDS_Platform/hw/TOP_MTDS_wrapper.xsa
TRACE::2022-04-15.14:22:02::SCWPlatform::DSA absoulate path E:/Projects/MTDS/MTDS.vitis/MTDS_Platform/hw/TOP_MTDS_wrapper.xsa
TRACE::2022-04-15.14:22:02::SCWPlatform::DSA directory E:/Projects/MTDS/MTDS.vitis/MTDS_Platform/hw
TRACE::2022-04-15.14:22:02::SCWPlatform:: Platform Path E:/Projects/MTDS/MTDS.vitis/MTDS_Platform/hw/TOP_MTDS_wrapper.xsa
TRACE::2022-04-15.14:22:02::SCWPlatform:: Unique name xilinx:arty-a7-100::0.0
TRACE::2022-04-15.14:22:02::SCWPlatform::Trying to set the existing hwdb with name TOP_MTDS_wrapper_0
TRACE::2022-04-15.14:22:02::SCWPlatform::Opened existing hwdb TOP_MTDS_wrapper_0
TRACE::2022-04-15.14:22:02::SCWPlatform::Found the Hw Db part of the input DSA
TRACE::2022-04-15.14:22:02::SCWMssOS::Checking the sw design at  E:/Projects/MTDS/MTDS.vitis/MTDS_Platform/microblaze_0/standalone_domain/bsp/system.mss
TRACE::2022-04-15.14:22:02::SCWMssOS::DEBUG:  swdes dump  E:/Projects/MTDS/MTDS.vitis/MTDS_Platform/microblaze_0/standalone_domain/bsp/system.mss|system||

TRACE::2022-04-15.14:22:02::SCWMssOS::Sw design exists and opened at  E:/Projects/MTDS/MTDS.vitis/MTDS_Platform/microblaze_0/standalone_domain/bsp/system.mss
TRACE::2022-04-15.14:22:02::SCWWriter::formatted JSON is {
	"platformName":	"MTDS_Platform",
	"sprVersion":	"2.0",
	"mode":	"gui",
	"dsaType":	"Fixed",
	"platformDesc":	"MTDS_Platform",
	"platHandOff":	"E:/Projects/MTDS/TOP_MTDS_wrapper.xsa",
	"platIntHandOff":	"<platformDir>/hw/TOP_MTDS_wrapper.xsa",
	"deviceType":	"FPGA",
	"platIsPrebuiltAutogen":	"false",
	"platIsNoBootBsp":	"false",
	"hasFsblMakeHasChanges":	"false",
	"hasPmufwMakeHasChanges":	"false",
	"platPreBuiltFlag":	false,
	"platformSamplesDir":	"",
	"platActiveSys":	"MTDS_Platform",
	"systems":	[{
			"systemName":	"MTDS_Platform",
			"systemDesc":	"MTDS_Platform",
			"sysIsBootAutoGen":	"true",
			"systemDispName":	"MTDS_Platform",
			"sysActiveDom":	"standalone_domain",
			"sysDefaultDom":	"standalone_domain",
			"domains":	[{
					"domainName":	"standalone_domain",
					"domainDispName":	"standalone_domain",
					"domainDesc":	"standalone_domain",
					"processors":	"microblaze_0",
					"os":	"standalone",
					"sdxOs":	"standalone",
					"debugEnable":	"False",
					"domRuntimes":	["cpp"],
					"swRepo":	"",
					"mssOsVer":	"7.6",
					"mssFile":	"",
					"md5Digest":	"84daeddfdb4aa1b80c8789a1237ab70c",
					"compatibleApp":	"",
					"domType":	"mssDomain",
					"arch":	"32-bit",
					"appSettings":	{
						"appCompilerFlags":	"",
						"appLinkerFlags":	""
					},
					"addedLibs":	[],
					"libOptions":	{
						"libsContainingOptions":	[]
					},
					"prebuiltLibs":	{
						"prebuiltIncPath":	[],
						"prebuiltLibPath":	[]
					},
					"isolation":	{
					}
				}]
		}]
}
KEYINFO::2022-04-15.14:22:02::SCWPlatform::updated the xpfm file.
TRACE::2022-04-15.14:22:02::SCWPlatform::Trying to open the hw design at E:/Projects/MTDS/MTDS.vitis/MTDS_Platform/hw/TOP_MTDS_wrapper.xsa
TRACE::2022-04-15.14:22:02::SCWPlatform::DSA given E:/Projects/MTDS/MTDS.vitis/MTDS_Platform/hw/TOP_MTDS_wrapper.xsa
TRACE::2022-04-15.14:22:02::SCWPlatform::DSA absoulate path E:/Projects/MTDS/MTDS.vitis/MTDS_Platform/hw/TOP_MTDS_wrapper.xsa
TRACE::2022-04-15.14:22:02::SCWPlatform::DSA directory E:/Projects/MTDS/MTDS.vitis/MTDS_Platform/hw
TRACE::2022-04-15.14:22:02::SCWPlatform:: Platform Path E:/Projects/MTDS/MTDS.vitis/MTDS_Platform/hw/TOP_MTDS_wrapper.xsa
TRACE::2022-04-15.14:22:02::SCWPlatform:: Unique name xilinx:arty-a7-100::0.0
TRACE::2022-04-15.14:22:02::SCWPlatform::Trying to set the existing hwdb with name TOP_MTDS_wrapper_0
TRACE::2022-04-15.14:22:02::SCWPlatform::Opened existing hwdb TOP_MTDS_wrapper_0
TRACE::2022-04-15.14:22:02::SCWPlatform::Found the Hw Db part of the input DSA
TRACE::2022-04-15.14:22:02::SCWMssOS::Checking the sw design at  E:/Projects/MTDS/MTDS.vitis/MTDS_Platform/microblaze_0/standalone_domain/bsp/system.mss
TRACE::2022-04-15.14:22:02::SCWMssOS::DEBUG:  swdes dump  E:/Projects/MTDS/MTDS.vitis/MTDS_Platform/microblaze_0/standalone_domain/bsp/system.mss|system||

TRACE::2022-04-15.14:22:02::SCWMssOS::Sw design exists and opened at  E:/Projects/MTDS/MTDS.vitis/MTDS_Platform/microblaze_0/standalone_domain/bsp/system.mss
TRACE::2022-04-15.14:22:02::SCWMssOS::Saving the mss changes E:/Projects/MTDS/MTDS.vitis/MTDS_Platform/microblaze_0/standalone_domain/bsp/system.mss
TRACE::2022-04-15.14:22:02::SCWMssOS::Found a swdesign opened with the mssfile.
TRACE::2022-04-15.14:22:02::SCWMssOS::Completed writemss as part of save.
TRACE::2022-04-15.14:22:02::SCWMssOS::Commit changes completed.
TRACE::2022-04-15.14:22:02::SCWPlatform::Trying to open the hw design at E:/Projects/MTDS/MTDS.vitis/MTDS_Platform/hw/TOP_MTDS_wrapper.xsa
TRACE::2022-04-15.14:22:02::SCWPlatform::DSA given E:/Projects/MTDS/MTDS.vitis/MTDS_Platform/hw/TOP_MTDS_wrapper.xsa
TRACE::2022-04-15.14:22:02::SCWPlatform::DSA absoulate path E:/Projects/MTDS/MTDS.vitis/MTDS_Platform/hw/TOP_MTDS_wrapper.xsa
TRACE::2022-04-15.14:22:02::SCWPlatform::DSA directory E:/Projects/MTDS/MTDS.vitis/MTDS_Platform/hw
TRACE::2022-04-15.14:22:02::SCWPlatform:: Platform Path E:/Projects/MTDS/MTDS.vitis/MTDS_Platform/hw/TOP_MTDS_wrapper.xsa
TRACE::2022-04-15.14:22:02::SCWPlatform:: Unique name xilinx:arty-a7-100::0.0
TRACE::2022-04-15.14:22:02::SCWPlatform::Trying to set the existing hwdb with name TOP_MTDS_wrapper_0
TRACE::2022-04-15.14:22:02::SCWPlatform::Opened existing hwdb TOP_MTDS_wrapper_0
TRACE::2022-04-15.14:22:02::SCWPlatform::Found the Hw Db part of the input DSA
TRACE::2022-04-15.14:22:02::SCWMssOS::Checking the sw design at  E:/Projects/MTDS/MTDS.vitis/MTDS_Platform/microblaze_0/standalone_domain/bsp/system.mss
TRACE::2022-04-15.14:22:02::SCWMssOS::DEBUG:  swdes dump  E:/Projects/MTDS/MTDS.vitis/MTDS_Platform/microblaze_0/standalone_domain/bsp/system.mss|system||

TRACE::2022-04-15.14:22:02::SCWMssOS::Sw design exists and opened at  E:/Projects/MTDS/MTDS.vitis/MTDS_Platform/microblaze_0/standalone_domain/bsp/system.mss
TRACE::2022-04-15.14:22:02::SCWPlatform::Trying to open the hw design at E:/Projects/MTDS/MTDS.vitis/MTDS_Platform/hw/TOP_MTDS_wrapper.xsa
TRACE::2022-04-15.14:22:02::SCWPlatform::DSA given E:/Projects/MTDS/MTDS.vitis/MTDS_Platform/hw/TOP_MTDS_wrapper.xsa
TRACE::2022-04-15.14:22:02::SCWPlatform::DSA absoulate path E:/Projects/MTDS/MTDS.vitis/MTDS_Platform/hw/TOP_MTDS_wrapper.xsa
TRACE::2022-04-15.14:22:02::SCWPlatform::DSA directory E:/Projects/MTDS/MTDS.vitis/MTDS_Platform/hw
TRACE::2022-04-15.14:22:02::SCWPlatform:: Platform Path E:/Projects/MTDS/MTDS.vitis/MTDS_Platform/hw/TOP_MTDS_wrapper.xsa
TRACE::2022-04-15.14:22:02::SCWPlatform:: Unique name xilinx:arty-a7-100::0.0
TRACE::2022-04-15.14:22:02::SCWPlatform::Trying to set the existing hwdb with name TOP_MTDS_wrapper_0
TRACE::2022-04-15.14:22:02::SCWPlatform::Opened existing hwdb TOP_MTDS_wrapper_0
TRACE::2022-04-15.14:22:02::SCWPlatform::Found the Hw Db part of the input DSA
TRACE::2022-04-15.14:22:02::SCWMssOS::Checking the sw design at  E:/Projects/MTDS/MTDS.vitis/MTDS_Platform/microblaze_0/standalone_domain/bsp/system.mss
TRACE::2022-04-15.14:22:02::SCWMssOS::DEBUG:  swdes dump  E:/Projects/MTDS/MTDS.vitis/MTDS_Platform/microblaze_0/standalone_domain/bsp/system.mss|system||

TRACE::2022-04-15.14:22:02::SCWMssOS::Sw design exists and opened at  E:/Projects/MTDS/MTDS.vitis/MTDS_Platform/microblaze_0/standalone_domain/bsp/system.mss
TRACE::2022-04-15.14:22:02::SCWPlatform::Trying to open the hw design at E:/Projects/MTDS/MTDS.vitis/MTDS_Platform/hw/TOP_MTDS_wrapper.xsa
TRACE::2022-04-15.14:22:02::SCWPlatform::DSA given E:/Projects/MTDS/MTDS.vitis/MTDS_Platform/hw/TOP_MTDS_wrapper.xsa
TRACE::2022-04-15.14:22:02::SCWPlatform::DSA absoulate path E:/Projects/MTDS/MTDS.vitis/MTDS_Platform/hw/TOP_MTDS_wrapper.xsa
TRACE::2022-04-15.14:22:02::SCWPlatform::DSA directory E:/Projects/MTDS/MTDS.vitis/MTDS_Platform/hw
TRACE::2022-04-15.14:22:02::SCWPlatform:: Platform Path E:/Projects/MTDS/MTDS.vitis/MTDS_Platform/hw/TOP_MTDS_wrapper.xsa
TRACE::2022-04-15.14:22:02::SCWPlatform:: Unique name xilinx:arty-a7-100::0.0
TRACE::2022-04-15.14:22:02::SCWPlatform::Trying to set the existing hwdb with name TOP_MTDS_wrapper_0
TRACE::2022-04-15.14:22:02::SCWPlatform::Opened existing hwdb TOP_MTDS_wrapper_0
TRACE::2022-04-15.14:22:02::SCWPlatform::Found the Hw Db part of the input DSA
TRACE::2022-04-15.14:22:02::SCWMssOS::Checking the sw design at  E:/Projects/MTDS/MTDS.vitis/MTDS_Platform/microblaze_0/standalone_domain/bsp/system.mss
TRACE::2022-04-15.14:22:02::SCWMssOS::DEBUG:  swdes dump  E:/Projects/MTDS/MTDS.vitis/MTDS_Platform/microblaze_0/standalone_domain/bsp/system.mss|system||

TRACE::2022-04-15.14:22:02::SCWMssOS::Sw design exists and opened at  E:/Projects/MTDS/MTDS.vitis/MTDS_Platform/microblaze_0/standalone_domain/bsp/system.mss
TRACE::2022-04-15.14:22:02::SCWWriter::formatted JSON is {
	"platformName":	"MTDS_Platform",
	"sprVersion":	"2.0",
	"mode":	"gui",
	"dsaType":	"Fixed",
	"platformDesc":	"MTDS_Platform",
	"platHandOff":	"E:/Projects/MTDS/TOP_MTDS_wrapper.xsa",
	"platIntHandOff":	"<platformDir>/hw/TOP_MTDS_wrapper.xsa",
	"deviceType":	"FPGA",
	"platIsPrebuiltAutogen":	"false",
	"platIsNoBootBsp":	"false",
	"hasFsblMakeHasChanges":	"false",
	"hasPmufwMakeHasChanges":	"false",
	"platPreBuiltFlag":	false,
	"platformSamplesDir":	"",
	"platActiveSys":	"MTDS_Platform",
	"systems":	[{
			"systemName":	"MTDS_Platform",
			"systemDesc":	"MTDS_Platform",
			"sysIsBootAutoGen":	"true",
			"systemDispName":	"MTDS_Platform",
			"sysActiveDom":	"standalone_domain",
			"sysDefaultDom":	"standalone_domain",
			"domains":	[{
					"domainName":	"standalone_domain",
					"domainDispName":	"standalone_domain",
					"domainDesc":	"standalone_domain",
					"processors":	"microblaze_0",
					"os":	"standalone",
					"sdxOs":	"standalone",
					"debugEnable":	"False",
					"domRuntimes":	["cpp"],
					"swRepo":	"",
					"mssOsVer":	"7.6",
					"mssFile":	"",
					"md5Digest":	"84daeddfdb4aa1b80c8789a1237ab70c",
					"compatibleApp":	"",
					"domType":	"mssDomain",
					"arch":	"32-bit",
					"appSettings":	{
						"appCompilerFlags":	"",
						"appLinkerFlags":	""
					},
					"addedLibs":	[],
					"libOptions":	{
						"libsContainingOptions":	[]
					},
					"prebuiltLibs":	{
						"prebuiltIncPath":	[],
						"prebuiltLibPath":	[]
					},
					"isolation":	{
					}
				}]
		}]
}
TRACE::2022-04-15.14:22:02::SCWPlatform::Trying to open the hw design at E:/Projects/MTDS/MTDS.vitis/MTDS_Platform/hw/TOP_MTDS_wrapper.xsa
TRACE::2022-04-15.14:22:02::SCWPlatform::DSA given E:/Projects/MTDS/MTDS.vitis/MTDS_Platform/hw/TOP_MTDS_wrapper.xsa
TRACE::2022-04-15.14:22:02::SCWPlatform::DSA absoulate path E:/Projects/MTDS/MTDS.vitis/MTDS_Platform/hw/TOP_MTDS_wrapper.xsa
TRACE::2022-04-15.14:22:02::SCWPlatform::DSA directory E:/Projects/MTDS/MTDS.vitis/MTDS_Platform/hw
TRACE::2022-04-15.14:22:02::SCWPlatform:: Platform Path E:/Projects/MTDS/MTDS.vitis/MTDS_Platform/hw/TOP_MTDS_wrapper.xsa
TRACE::2022-04-15.14:22:02::SCWPlatform:: Unique name xilinx:arty-a7-100::0.0
TRACE::2022-04-15.14:22:02::SCWPlatform::Trying to set the existing hwdb with name TOP_MTDS_wrapper_0
TRACE::2022-04-15.14:22:02::SCWPlatform::Opened existing hwdb TOP_MTDS_wrapper_0
TRACE::2022-04-15.14:22:02::SCWPlatform::Found the Hw Db part of the input DSA
TRACE::2022-04-15.14:22:02::SCWMssOS::Checking the sw design at  E:/Projects/MTDS/MTDS.vitis/MTDS_Platform/microblaze_0/standalone_domain/bsp/system.mss
TRACE::2022-04-15.14:22:02::SCWMssOS::DEBUG:  swdes dump  E:/Projects/MTDS/MTDS.vitis/MTDS_Platform/microblaze_0/standalone_domain/bsp/system.mss|system||

TRACE::2022-04-15.14:22:02::SCWMssOS::Sw design exists and opened at  E:/Projects/MTDS/MTDS.vitis/MTDS_Platform/microblaze_0/standalone_domain/bsp/system.mss
TRACE::2022-04-15.14:22:02::SCWPlatform::Trying to open the hw design at E:/Projects/MTDS/MTDS.vitis/MTDS_Platform/hw/TOP_MTDS_wrapper.xsa
TRACE::2022-04-15.14:22:02::SCWPlatform::DSA given E:/Projects/MTDS/MTDS.vitis/MTDS_Platform/hw/TOP_MTDS_wrapper.xsa
TRACE::2022-04-15.14:22:02::SCWPlatform::DSA absoulate path E:/Projects/MTDS/MTDS.vitis/MTDS_Platform/hw/TOP_MTDS_wrapper.xsa
TRACE::2022-04-15.14:22:02::SCWPlatform::DSA directory E:/Projects/MTDS/MTDS.vitis/MTDS_Platform/hw
TRACE::2022-04-15.14:22:02::SCWPlatform:: Platform Path E:/Projects/MTDS/MTDS.vitis/MTDS_Platform/hw/TOP_MTDS_wrapper.xsa
TRACE::2022-04-15.14:22:02::SCWPlatform:: Unique name xilinx:arty-a7-100::0.0
TRACE::2022-04-15.14:22:02::SCWPlatform::Trying to set the existing hwdb with name TOP_MTDS_wrapper_0
TRACE::2022-04-15.14:22:02::SCWPlatform::Opened existing hwdb TOP_MTDS_wrapper_0
TRACE::2022-04-15.14:22:02::SCWPlatform::Found the Hw Db part of the input DSA
TRACE::2022-04-15.14:22:02::SCWMssOS::Checking the sw design at  E:/Projects/MTDS/MTDS.vitis/MTDS_Platform/microblaze_0/standalone_domain/bsp/system.mss
TRACE::2022-04-15.14:22:02::SCWMssOS::DEBUG:  swdes dump  E:/Projects/MTDS/MTDS.vitis/MTDS_Platform/microblaze_0/standalone_domain/bsp/system.mss|system||

TRACE::2022-04-15.14:22:02::SCWMssOS::Sw design exists and opened at  E:/Projects/MTDS/MTDS.vitis/MTDS_Platform/microblaze_0/standalone_domain/bsp/system.mss
TRACE::2022-04-15.14:22:02::SCWPlatform::Trying to open the hw design at E:/Projects/MTDS/MTDS.vitis/MTDS_Platform/hw/TOP_MTDS_wrapper.xsa
TRACE::2022-04-15.14:22:02::SCWPlatform::DSA given E:/Projects/MTDS/MTDS.vitis/MTDS_Platform/hw/TOP_MTDS_wrapper.xsa
TRACE::2022-04-15.14:22:02::SCWPlatform::DSA absoulate path E:/Projects/MTDS/MTDS.vitis/MTDS_Platform/hw/TOP_MTDS_wrapper.xsa
TRACE::2022-04-15.14:22:02::SCWPlatform::DSA directory E:/Projects/MTDS/MTDS.vitis/MTDS_Platform/hw
TRACE::2022-04-15.14:22:02::SCWPlatform:: Platform Path E:/Projects/MTDS/MTDS.vitis/MTDS_Platform/hw/TOP_MTDS_wrapper.xsa
TRACE::2022-04-15.14:22:02::SCWPlatform:: Unique name xilinx:arty-a7-100::0.0
TRACE::2022-04-15.14:22:02::SCWPlatform::Trying to set the existing hwdb with name TOP_MTDS_wrapper_0
TRACE::2022-04-15.14:22:02::SCWPlatform::Opened existing hwdb TOP_MTDS_wrapper_0
TRACE::2022-04-15.14:22:02::SCWPlatform::Found the Hw Db part of the input DSA
TRACE::2022-04-15.14:22:02::SCWMssOS::Checking the sw design at  E:/Projects/MTDS/MTDS.vitis/MTDS_Platform/microblaze_0/standalone_domain/bsp/system.mss
TRACE::2022-04-15.14:22:02::SCWMssOS::DEBUG:  swdes dump  E:/Projects/MTDS/MTDS.vitis/MTDS_Platform/microblaze_0/standalone_domain/bsp/system.mss|system||

TRACE::2022-04-15.14:22:02::SCWMssOS::Sw design exists and opened at  E:/Projects/MTDS/MTDS.vitis/MTDS_Platform/microblaze_0/standalone_domain/bsp/system.mss
TRACE::2022-04-15.14:22:02::SCWMssOS::Saving the mss changes E:/Projects/MTDS/MTDS.vitis/MTDS_Platform/microblaze_0/standalone_domain/bsp/system.mss
TRACE::2022-04-15.14:22:02::SCWMssOS::Found a swdesign opened with the mssfile.
TRACE::2022-04-15.14:22:02::SCWMssOS::Completed writemss as part of save.
TRACE::2022-04-15.14:22:02::SCWMssOS::Commit changes completed.
TRACE::2022-04-15.14:22:02::SCWPlatform::Trying to open the hw design at E:/Projects/MTDS/MTDS.vitis/MTDS_Platform/hw/TOP_MTDS_wrapper.xsa
TRACE::2022-04-15.14:22:02::SCWPlatform::DSA given E:/Projects/MTDS/MTDS.vitis/MTDS_Platform/hw/TOP_MTDS_wrapper.xsa
TRACE::2022-04-15.14:22:02::SCWPlatform::DSA absoulate path E:/Projects/MTDS/MTDS.vitis/MTDS_Platform/hw/TOP_MTDS_wrapper.xsa
TRACE::2022-04-15.14:22:02::SCWPlatform::DSA directory E:/Projects/MTDS/MTDS.vitis/MTDS_Platform/hw
TRACE::2022-04-15.14:22:02::SCWPlatform:: Platform Path E:/Projects/MTDS/MTDS.vitis/MTDS_Platform/hw/TOP_MTDS_wrapper.xsa
TRACE::2022-04-15.14:22:02::SCWPlatform:: Unique name xilinx:arty-a7-100::0.0
TRACE::2022-04-15.14:22:02::SCWPlatform::Trying to set the existing hwdb with name TOP_MTDS_wrapper_0
TRACE::2022-04-15.14:22:02::SCWPlatform::Opened existing hwdb TOP_MTDS_wrapper_0
TRACE::2022-04-15.14:22:02::SCWPlatform::Found the Hw Db part of the input DSA
TRACE::2022-04-15.14:22:02::SCWMssOS::Checking the sw design at  E:/Projects/MTDS/MTDS.vitis/MTDS_Platform/microblaze_0/standalone_domain/bsp/system.mss
TRACE::2022-04-15.14:22:02::SCWMssOS::DEBUG:  swdes dump  E:/Projects/MTDS/MTDS.vitis/MTDS_Platform/microblaze_0/standalone_domain/bsp/system.mss|system||

TRACE::2022-04-15.14:22:02::SCWMssOS::Sw design exists and opened at  E:/Projects/MTDS/MTDS.vitis/MTDS_Platform/microblaze_0/standalone_domain/bsp/system.mss
TRACE::2022-04-15.14:22:02::SCWPlatform::Trying to open the hw design at E:/Projects/MTDS/MTDS.vitis/MTDS_Platform/hw/TOP_MTDS_wrapper.xsa
TRACE::2022-04-15.14:22:02::SCWPlatform::DSA given E:/Projects/MTDS/MTDS.vitis/MTDS_Platform/hw/TOP_MTDS_wrapper.xsa
TRACE::2022-04-15.14:22:02::SCWPlatform::DSA absoulate path E:/Projects/MTDS/MTDS.vitis/MTDS_Platform/hw/TOP_MTDS_wrapper.xsa
TRACE::2022-04-15.14:22:02::SCWPlatform::DSA directory E:/Projects/MTDS/MTDS.vitis/MTDS_Platform/hw
TRACE::2022-04-15.14:22:02::SCWPlatform:: Platform Path E:/Projects/MTDS/MTDS.vitis/MTDS_Platform/hw/TOP_MTDS_wrapper.xsa
TRACE::2022-04-15.14:22:02::SCWPlatform:: Unique name xilinx:arty-a7-100::0.0
TRACE::2022-04-15.14:22:02::SCWPlatform::Trying to set the existing hwdb with name TOP_MTDS_wrapper_0
TRACE::2022-04-15.14:22:02::SCWPlatform::Opened existing hwdb TOP_MTDS_wrapper_0
TRACE::2022-04-15.14:22:02::SCWPlatform::Found the Hw Db part of the input DSA
TRACE::2022-04-15.14:22:02::SCWMssOS::Checking the sw design at  E:/Projects/MTDS/MTDS.vitis/MTDS_Platform/microblaze_0/standalone_domain/bsp/system.mss
TRACE::2022-04-15.14:22:02::SCWMssOS::DEBUG:  swdes dump  E:/Projects/MTDS/MTDS.vitis/MTDS_Platform/microblaze_0/standalone_domain/bsp/system.mss|system||

TRACE::2022-04-15.14:22:02::SCWMssOS::Sw design exists and opened at  E:/Projects/MTDS/MTDS.vitis/MTDS_Platform/microblaze_0/standalone_domain/bsp/system.mss
TRACE::2022-04-15.14:22:02::SCWPlatform::Trying to open the hw design at E:/Projects/MTDS/MTDS.vitis/MTDS_Platform/hw/TOP_MTDS_wrapper.xsa
TRACE::2022-04-15.14:22:02::SCWPlatform::DSA given E:/Projects/MTDS/MTDS.vitis/MTDS_Platform/hw/TOP_MTDS_wrapper.xsa
TRACE::2022-04-15.14:22:02::SCWPlatform::DSA absoulate path E:/Projects/MTDS/MTDS.vitis/MTDS_Platform/hw/TOP_MTDS_wrapper.xsa
TRACE::2022-04-15.14:22:02::SCWPlatform::DSA directory E:/Projects/MTDS/MTDS.vitis/MTDS_Platform/hw
TRACE::2022-04-15.14:22:02::SCWPlatform:: Platform Path E:/Projects/MTDS/MTDS.vitis/MTDS_Platform/hw/TOP_MTDS_wrapper.xsa
TRACE::2022-04-15.14:22:02::SCWPlatform:: Unique name xilinx:arty-a7-100::0.0
TRACE::2022-04-15.14:22:02::SCWPlatform::Trying to set the existing hwdb with name TOP_MTDS_wrapper_0
TRACE::2022-04-15.14:22:02::SCWPlatform::Opened existing hwdb TOP_MTDS_wrapper_0
TRACE::2022-04-15.14:22:02::SCWPlatform::Found the Hw Db part of the input DSA
TRACE::2022-04-15.14:22:02::SCWMssOS::Checking the sw design at  E:/Projects/MTDS/MTDS.vitis/MTDS_Platform/microblaze_0/standalone_domain/bsp/system.mss
TRACE::2022-04-15.14:22:02::SCWMssOS::DEBUG:  swdes dump  E:/Projects/MTDS/MTDS.vitis/MTDS_Platform/microblaze_0/standalone_domain/bsp/system.mss|system||

TRACE::2022-04-15.14:22:02::SCWMssOS::Sw design exists and opened at  E:/Projects/MTDS/MTDS.vitis/MTDS_Platform/microblaze_0/standalone_domain/bsp/system.mss
TRACE::2022-04-15.14:22:02::SCWWriter::formatted JSON is {
	"platformName":	"MTDS_Platform",
	"sprVersion":	"2.0",
	"mode":	"gui",
	"dsaType":	"Fixed",
	"platformDesc":	"MTDS_Platform",
	"platHandOff":	"E:/Projects/MTDS/TOP_MTDS_wrapper.xsa",
	"platIntHandOff":	"<platformDir>/hw/TOP_MTDS_wrapper.xsa",
	"deviceType":	"FPGA",
	"platIsPrebuiltAutogen":	"false",
	"platIsNoBootBsp":	"false",
	"hasFsblMakeHasChanges":	"false",
	"hasPmufwMakeHasChanges":	"false",
	"platPreBuiltFlag":	false,
	"platformSamplesDir":	"",
	"platActiveSys":	"MTDS_Platform",
	"systems":	[{
			"systemName":	"MTDS_Platform",
			"systemDesc":	"MTDS_Platform",
			"sysIsBootAutoGen":	"true",
			"systemDispName":	"MTDS_Platform",
			"sysActiveDom":	"standalone_domain",
			"sysDefaultDom":	"standalone_domain",
			"domains":	[{
					"domainName":	"standalone_domain",
					"domainDispName":	"standalone on microblaze_0",
					"domainDesc":	"standalone_domain",
					"processors":	"microblaze_0",
					"os":	"standalone",
					"sdxOs":	"standalone",
					"debugEnable":	"False",
					"domRuntimes":	["cpp"],
					"swRepo":	"",
					"mssOsVer":	"7.6",
					"mssFile":	"",
					"md5Digest":	"84daeddfdb4aa1b80c8789a1237ab70c",
					"compatibleApp":	"",
					"domType":	"mssDomain",
					"arch":	"32-bit",
					"appSettings":	{
						"appCompilerFlags":	"",
						"appLinkerFlags":	""
					},
					"addedLibs":	[],
					"libOptions":	{
						"libsContainingOptions":	[]
					},
					"prebuiltLibs":	{
						"prebuiltIncPath":	[],
						"prebuiltLibPath":	[]
					},
					"isolation":	{
					}
				}]
		}]
}
TRACE::2022-04-15.14:22:02::SCWMssOS::Saving the mss changes E:/Projects/MTDS/MTDS.vitis/MTDS_Platform/microblaze_0/standalone_domain/bsp/system.mss
TRACE::2022-04-15.14:22:02::SCWMssOS::Found a swdesign opened with the mssfile.
TRACE::2022-04-15.14:22:02::SCWMssOS::Completed writemss as part of save.
TRACE::2022-04-15.14:22:02::SCWMssOS::Commit changes completed.
TRACE::2022-04-15.14:22:02::SCWPlatform::Trying to open the hw design at E:/Projects/MTDS/MTDS.vitis/MTDS_Platform/hw/TOP_MTDS_wrapper.xsa
TRACE::2022-04-15.14:22:02::SCWPlatform::DSA given E:/Projects/MTDS/MTDS.vitis/MTDS_Platform/hw/TOP_MTDS_wrapper.xsa
TRACE::2022-04-15.14:22:02::SCWPlatform::DSA absoulate path E:/Projects/MTDS/MTDS.vitis/MTDS_Platform/hw/TOP_MTDS_wrapper.xsa
TRACE::2022-04-15.14:22:02::SCWPlatform::DSA directory E:/Projects/MTDS/MTDS.vitis/MTDS_Platform/hw
TRACE::2022-04-15.14:22:02::SCWPlatform:: Platform Path E:/Projects/MTDS/MTDS.vitis/MTDS_Platform/hw/TOP_MTDS_wrapper.xsa
TRACE::2022-04-15.14:22:02::SCWPlatform:: Unique name xilinx:arty-a7-100::0.0
TRACE::2022-04-15.14:22:02::SCWPlatform::Trying to set the existing hwdb with name TOP_MTDS_wrapper_0
TRACE::2022-04-15.14:22:02::SCWPlatform::Opened existing hwdb TOP_MTDS_wrapper_0
TRACE::2022-04-15.14:22:02::SCWPlatform::Found the Hw Db part of the input DSA
TRACE::2022-04-15.14:22:02::SCWMssOS::Checking the sw design at  E:/Projects/MTDS/MTDS.vitis/MTDS_Platform/microblaze_0/standalone_domain/bsp/system.mss
TRACE::2022-04-15.14:22:02::SCWMssOS::DEBUG:  swdes dump  E:/Projects/MTDS/MTDS.vitis/MTDS_Platform/microblaze_0/standalone_domain/bsp/system.mss|system||

TRACE::2022-04-15.14:22:02::SCWMssOS::Sw design exists and opened at  E:/Projects/MTDS/MTDS.vitis/MTDS_Platform/microblaze_0/standalone_domain/bsp/system.mss
TRACE::2022-04-15.14:22:02::SCWPlatform::Trying to open the hw design at E:/Projects/MTDS/MTDS.vitis/MTDS_Platform/hw/TOP_MTDS_wrapper.xsa
TRACE::2022-04-15.14:22:02::SCWPlatform::DSA given E:/Projects/MTDS/MTDS.vitis/MTDS_Platform/hw/TOP_MTDS_wrapper.xsa
TRACE::2022-04-15.14:22:02::SCWPlatform::DSA absoulate path E:/Projects/MTDS/MTDS.vitis/MTDS_Platform/hw/TOP_MTDS_wrapper.xsa
TRACE::2022-04-15.14:22:02::SCWPlatform::DSA directory E:/Projects/MTDS/MTDS.vitis/MTDS_Platform/hw
TRACE::2022-04-15.14:22:02::SCWPlatform:: Platform Path E:/Projects/MTDS/MTDS.vitis/MTDS_Platform/hw/TOP_MTDS_wrapper.xsa
TRACE::2022-04-15.14:22:02::SCWPlatform:: Unique name xilinx:arty-a7-100::0.0
TRACE::2022-04-15.14:22:02::SCWPlatform::Trying to set the existing hwdb with name TOP_MTDS_wrapper_0
TRACE::2022-04-15.14:22:02::SCWPlatform::Opened existing hwdb TOP_MTDS_wrapper_0
TRACE::2022-04-15.14:22:02::SCWPlatform::Found the Hw Db part of the input DSA
TRACE::2022-04-15.14:22:02::SCWMssOS::Checking the sw design at  E:/Projects/MTDS/MTDS.vitis/MTDS_Platform/microblaze_0/standalone_domain/bsp/system.mss
TRACE::2022-04-15.14:22:02::SCWMssOS::DEBUG:  swdes dump  E:/Projects/MTDS/MTDS.vitis/MTDS_Platform/microblaze_0/standalone_domain/bsp/system.mss|system||

TRACE::2022-04-15.14:22:02::SCWMssOS::Sw design exists and opened at  E:/Projects/MTDS/MTDS.vitis/MTDS_Platform/microblaze_0/standalone_domain/bsp/system.mss
TRACE::2022-04-15.14:22:02::SCWPlatform::Trying to open the hw design at E:/Projects/MTDS/MTDS.vitis/MTDS_Platform/hw/TOP_MTDS_wrapper.xsa
TRACE::2022-04-15.14:22:02::SCWPlatform::DSA given E:/Projects/MTDS/MTDS.vitis/MTDS_Platform/hw/TOP_MTDS_wrapper.xsa
TRACE::2022-04-15.14:22:02::SCWPlatform::DSA absoulate path E:/Projects/MTDS/MTDS.vitis/MTDS_Platform/hw/TOP_MTDS_wrapper.xsa
TRACE::2022-04-15.14:22:02::SCWPlatform::DSA directory E:/Projects/MTDS/MTDS.vitis/MTDS_Platform/hw
TRACE::2022-04-15.14:22:02::SCWPlatform:: Platform Path E:/Projects/MTDS/MTDS.vitis/MTDS_Platform/hw/TOP_MTDS_wrapper.xsa
TRACE::2022-04-15.14:22:02::SCWPlatform:: Unique name xilinx:arty-a7-100::0.0
TRACE::2022-04-15.14:22:02::SCWPlatform::Trying to set the existing hwdb with name TOP_MTDS_wrapper_0
TRACE::2022-04-15.14:22:02::SCWPlatform::Opened existing hwdb TOP_MTDS_wrapper_0
TRACE::2022-04-15.14:22:02::SCWPlatform::Found the Hw Db part of the input DSA
TRACE::2022-04-15.14:22:02::SCWMssOS::Checking the sw design at  E:/Projects/MTDS/MTDS.vitis/MTDS_Platform/microblaze_0/standalone_domain/bsp/system.mss
TRACE::2022-04-15.14:22:02::SCWMssOS::DEBUG:  swdes dump  E:/Projects/MTDS/MTDS.vitis/MTDS_Platform/microblaze_0/standalone_domain/bsp/system.mss|system||

TRACE::2022-04-15.14:22:02::SCWMssOS::Sw design exists and opened at  E:/Projects/MTDS/MTDS.vitis/MTDS_Platform/microblaze_0/standalone_domain/bsp/system.mss
TRACE::2022-04-15.14:22:02::SCWWriter::formatted JSON is {
	"platformName":	"MTDS_Platform",
	"sprVersion":	"2.0",
	"mode":	"gui",
	"dsaType":	"Fixed",
	"platformDesc":	"MTDS_Platform",
	"platHandOff":	"E:/Projects/MTDS/TOP_MTDS_wrapper.xsa",
	"platIntHandOff":	"<platformDir>/hw/TOP_MTDS_wrapper.xsa",
	"deviceType":	"FPGA",
	"platIsPrebuiltAutogen":	"false",
	"platIsNoBootBsp":	"false",
	"hasFsblMakeHasChanges":	"false",
	"hasPmufwMakeHasChanges":	"false",
	"platPreBuiltFlag":	false,
	"platformSamplesDir":	"",
	"platActiveSys":	"MTDS_Platform",
	"systems":	[{
			"systemName":	"MTDS_Platform",
			"systemDesc":	"MTDS_Platform",
			"sysIsBootAutoGen":	"true",
			"systemDispName":	"MTDS_Platform",
			"sysActiveDom":	"standalone_domain",
			"sysDefaultDom":	"standalone_domain",
			"domains":	[{
					"domainName":	"standalone_domain",
					"domainDispName":	"standalone on microblaze_0",
					"domainDesc":	"standalone_domain",
					"processors":	"microblaze_0",
					"os":	"standalone",
					"sdxOs":	"standalone",
					"debugEnable":	"False",
					"domRuntimes":	["cpp"],
					"swRepo":	"",
					"mssOsVer":	"7.6",
					"mssFile":	"",
					"md5Digest":	"84daeddfdb4aa1b80c8789a1237ab70c",
					"compatibleApp":	"",
					"domType":	"mssDomain",
					"arch":	"32-bit",
					"appSettings":	{
						"appCompilerFlags":	"",
						"appLinkerFlags":	""
					},
					"addedLibs":	[],
					"libOptions":	{
						"libsContainingOptions":	[]
					},
					"prebuiltLibs":	{
						"prebuiltIncPath":	[],
						"prebuiltLibPath":	[]
					},
					"isolation":	{
					}
				}]
		}]
}
TRACE::2022-04-15.14:22:02::SCWPlatform::Clearing the existing platform
TRACE::2022-04-15.14:22:02::SCWSystem::Clearing the existing sysconfig
TRACE::2022-04-15.14:22:02::SCWMssOS::Removing the swdes entry for  E:/Projects/MTDS/MTDS.vitis/MTDS_Platform/microblaze_0/standalone_domain/bsp/system.mss
TRACE::2022-04-15.14:22:02::SCWSystem::Clearing the domains completed.
TRACE::2022-04-15.14:22:02::SCWPlatform::Clearing the opened hw db.
TRACE::2022-04-15.14:22:02::SCWPlatform::DSA given E:/Projects/MTDS/MTDS.vitis/MTDS_Platform/hw/TOP_MTDS_wrapper.xsa
TRACE::2022-04-15.14:22:02::SCWPlatform::DSA absoulate path E:/Projects/MTDS/MTDS.vitis/MTDS_Platform/hw/TOP_MTDS_wrapper.xsa
TRACE::2022-04-15.14:22:02::SCWPlatform:: Platform location is E:/Projects/MTDS/MTDS.vitis/MTDS_Platform/hw
TRACE::2022-04-15.14:22:02::SCWPlatform:: Platform Path E:/Projects/MTDS/MTDS.vitis/MTDS_Platform/hw/TOP_MTDS_wrapper.xsa
TRACE::2022-04-15.14:22:02::SCWPlatform:: Unique name xilinx:arty-a7-100::0.0
TRACE::2022-04-15.14:22:02::SCWPlatform::Removing the HwDB with name E:/Projects/MTDS/MTDS.vitis/MTDS_Platform/hw/TOP_MTDS_wrapper.xsa
TRACE::2022-04-15.14:22:02::SCWPlatform::Trying to open the hw design at E:/Projects/MTDS/MTDS.vitis/MTDS_Platform/hw/TOP_MTDS_wrapper.xsa
TRACE::2022-04-15.14:22:02::SCWPlatform::DSA given E:/Projects/MTDS/MTDS.vitis/MTDS_Platform/hw/TOP_MTDS_wrapper.xsa
TRACE::2022-04-15.14:22:02::SCWPlatform::DSA absoulate path E:/Projects/MTDS/MTDS.vitis/MTDS_Platform/hw/TOP_MTDS_wrapper.xsa
TRACE::2022-04-15.14:22:02::SCWPlatform::DSA directory E:/Projects/MTDS/MTDS.vitis/MTDS_Platform/hw
TRACE::2022-04-15.14:22:02::SCWPlatform:: Platform Path E:/Projects/MTDS/MTDS.vitis/MTDS_Platform/hw/TOP_MTDS_wrapper.xsa
TRACE::2022-04-15.14:22:02::SCWPlatform:: Unique name xilinx:arty-a7-100::0.0
TRACE::2022-04-15.14:22:02::SCWPlatform::Do not have an existing db opened. 
TRACE::2022-04-15.14:22:03::SCWPlatform::Opened new HwDB with name TOP_MTDS_wrapper_1
TRACE::2022-04-15.14:22:03::SCWReader::Active system found as  MTDS_Platform
TRACE::2022-04-15.14:22:03::SCWReader::Handling sysconfig MTDS_Platform
TRACE::2022-04-15.14:22:03::SCWDomain::checking for install qemu data   : 
TRACE::2022-04-15.14:22:03::SCWPlatform::Trying to open the hw design at E:/Projects/MTDS/MTDS.vitis/MTDS_Platform/hw/TOP_MTDS_wrapper.xsa
TRACE::2022-04-15.14:22:03::SCWPlatform::DSA given E:/Projects/MTDS/MTDS.vitis/MTDS_Platform/hw/TOP_MTDS_wrapper.xsa
TRACE::2022-04-15.14:22:03::SCWPlatform::DSA absoulate path E:/Projects/MTDS/MTDS.vitis/MTDS_Platform/hw/TOP_MTDS_wrapper.xsa
TRACE::2022-04-15.14:22:03::SCWPlatform::DSA directory E:/Projects/MTDS/MTDS.vitis/MTDS_Platform/hw
TRACE::2022-04-15.14:22:03::SCWPlatform:: Platform Path E:/Projects/MTDS/MTDS.vitis/MTDS_Platform/hw/TOP_MTDS_wrapper.xsa
TRACE::2022-04-15.14:22:03::SCWPlatform:: Unique name xilinx:arty-a7-100::0.0
TRACE::2022-04-15.14:22:03::SCWPlatform::Trying to set the existing hwdb with name TOP_MTDS_wrapper_1
TRACE::2022-04-15.14:22:03::SCWPlatform::Opened existing hwdb TOP_MTDS_wrapper_1
TRACE::2022-04-15.14:22:03::SCWPlatform::Found the Hw Db part of the input DSA
TRACE::2022-04-15.14:22:03::SCWPlatform::Trying to open the hw design at E:/Projects/MTDS/MTDS.vitis/MTDS_Platform/hw/TOP_MTDS_wrapper.xsa
TRACE::2022-04-15.14:22:03::SCWPlatform::DSA given E:/Projects/MTDS/MTDS.vitis/MTDS_Platform/hw/TOP_MTDS_wrapper.xsa
TRACE::2022-04-15.14:22:03::SCWPlatform::DSA absoulate path E:/Projects/MTDS/MTDS.vitis/MTDS_Platform/hw/TOP_MTDS_wrapper.xsa
TRACE::2022-04-15.14:22:03::SCWPlatform::DSA directory E:/Projects/MTDS/MTDS.vitis/MTDS_Platform/hw
TRACE::2022-04-15.14:22:03::SCWPlatform:: Platform Path E:/Projects/MTDS/MTDS.vitis/MTDS_Platform/hw/TOP_MTDS_wrapper.xsa
TRACE::2022-04-15.14:22:03::SCWPlatform:: Unique name xilinx:arty-a7-100::0.0
TRACE::2022-04-15.14:22:03::SCWPlatform::Trying to set the existing hwdb with name TOP_MTDS_wrapper_1
TRACE::2022-04-15.14:22:03::SCWPlatform::Opened existing hwdb TOP_MTDS_wrapper_1
TRACE::2022-04-15.14:22:03::SCWPlatform::Found the Hw Db part of the input DSA
TRACE::2022-04-15.14:22:03::SCWPlatform::Trying to open the hw design at E:/Projects/MTDS/MTDS.vitis/MTDS_Platform/hw/TOP_MTDS_wrapper.xsa
TRACE::2022-04-15.14:22:03::SCWPlatform::DSA given E:/Projects/MTDS/MTDS.vitis/MTDS_Platform/hw/TOP_MTDS_wrapper.xsa
TRACE::2022-04-15.14:22:03::SCWPlatform::DSA absoulate path E:/Projects/MTDS/MTDS.vitis/MTDS_Platform/hw/TOP_MTDS_wrapper.xsa
TRACE::2022-04-15.14:22:03::SCWPlatform::DSA directory E:/Projects/MTDS/MTDS.vitis/MTDS_Platform/hw
TRACE::2022-04-15.14:22:03::SCWPlatform:: Platform Path E:/Projects/MTDS/MTDS.vitis/MTDS_Platform/hw/TOP_MTDS_wrapper.xsa
TRACE::2022-04-15.14:22:03::SCWPlatform:: Unique name xilinx:arty-a7-100::0.0
TRACE::2022-04-15.14:22:03::SCWPlatform::Trying to set the existing hwdb with name TOP_MTDS_wrapper_1
TRACE::2022-04-15.14:22:03::SCWPlatform::Opened existing hwdb TOP_MTDS_wrapper_1
TRACE::2022-04-15.14:22:03::SCWPlatform::Found the Hw Db part of the input DSA
TRACE::2022-04-15.14:22:03::SCWPlatform::Trying to open the hw design at E:/Projects/MTDS/MTDS.vitis/MTDS_Platform/hw/TOP_MTDS_wrapper.xsa
TRACE::2022-04-15.14:22:03::SCWPlatform::DSA given E:/Projects/MTDS/MTDS.vitis/MTDS_Platform/hw/TOP_MTDS_wrapper.xsa
TRACE::2022-04-15.14:22:03::SCWPlatform::DSA absoulate path E:/Projects/MTDS/MTDS.vitis/MTDS_Platform/hw/TOP_MTDS_wrapper.xsa
TRACE::2022-04-15.14:22:03::SCWPlatform::DSA directory E:/Projects/MTDS/MTDS.vitis/MTDS_Platform/hw
TRACE::2022-04-15.14:22:03::SCWPlatform:: Platform Path E:/Projects/MTDS/MTDS.vitis/MTDS_Platform/hw/TOP_MTDS_wrapper.xsa
TRACE::2022-04-15.14:22:03::SCWPlatform:: Unique name xilinx:arty-a7-100::0.0
TRACE::2022-04-15.14:22:03::SCWPlatform::Trying to set the existing hwdb with name TOP_MTDS_wrapper_1
TRACE::2022-04-15.14:22:03::SCWPlatform::Opened existing hwdb TOP_MTDS_wrapper_1
TRACE::2022-04-15.14:22:03::SCWPlatform::Found the Hw Db part of the input DSA
TRACE::2022-04-15.14:22:03::SCWMssOS::Checking the sw design at  E:/Projects/MTDS/MTDS.vitis/MTDS_Platform/microblaze_0/standalone_domain/bsp/system.mss
TRACE::2022-04-15.14:22:03::SCWMssOS::DEBUG:  swdes dump  
TRACE::2022-04-15.14:22:03::SCWMssOS::No sw design opened at  E:/Projects/MTDS/MTDS.vitis/MTDS_Platform/microblaze_0/standalone_domain/bsp/system.mss
TRACE::2022-04-15.14:22:03::SCWMssOS::mss exists loading the mss file  E:/Projects/MTDS/MTDS.vitis/MTDS_Platform/microblaze_0/standalone_domain/bsp/system.mss
TRACE::2022-04-15.14:22:03::SCWMssOS::Opened the sw design from mss  E:/Projects/MTDS/MTDS.vitis/MTDS_Platform/microblaze_0/standalone_domain/bsp/system.mss
TRACE::2022-04-15.14:22:03::SCWMssOS::Adding the swdes entry E:/Projects/MTDS/MTDS.vitis/MTDS_Platform/microblaze_0/standalone_domain/bsp/system.mss with des name system
TRACE::2022-04-15.14:22:03::SCWMssOS::updating the scw layer about changes
TRACE::2022-04-15.14:22:03::SCWMssOS::Opened the sw design.  E:/Projects/MTDS/MTDS.vitis/MTDS_Platform/microblaze_0/standalone_domain/bsp/system.mss
TRACE::2022-04-15.14:22:03::SCWMssOS::Saving the mss changes E:/Projects/MTDS/MTDS.vitis/MTDS_Platform/microblaze_0/standalone_domain/bsp/system.mss
TRACE::2022-04-15.14:22:03::SCWMssOS::Found a swdesign opened with the mssfile.
TRACE::2022-04-15.14:22:03::SCWMssOS::Completed writemss as part of save.
TRACE::2022-04-15.14:22:03::SCWMssOS::Commit changes completed.
TRACE::2022-04-15.14:22:03::SCWReader::Adding prebuilt librarypaths as   
TRACE::2022-04-15.14:22:03::SCWReader::Adding prebuilt incpaths  as   
TRACE::2022-04-15.14:22:03::SCWPlatform::Trying to open the hw design at E:/Projects/MTDS/MTDS.vitis/MTDS_Platform/hw/TOP_MTDS_wrapper.xsa
TRACE::2022-04-15.14:22:03::SCWPlatform::DSA given E:/Projects/MTDS/MTDS.vitis/MTDS_Platform/hw/TOP_MTDS_wrapper.xsa
TRACE::2022-04-15.14:22:03::SCWPlatform::DSA absoulate path E:/Projects/MTDS/MTDS.vitis/MTDS_Platform/hw/TOP_MTDS_wrapper.xsa
TRACE::2022-04-15.14:22:03::SCWPlatform::DSA directory E:/Projects/MTDS/MTDS.vitis/MTDS_Platform/hw
TRACE::2022-04-15.14:22:03::SCWPlatform:: Platform Path E:/Projects/MTDS/MTDS.vitis/MTDS_Platform/hw/TOP_MTDS_wrapper.xsa
TRACE::2022-04-15.14:22:03::SCWPlatform:: Unique name xilinx:arty-a7-100::0.0
TRACE::2022-04-15.14:22:03::SCWPlatform::Trying to set the existing hwdb with name TOP_MTDS_wrapper_1
TRACE::2022-04-15.14:22:03::SCWPlatform::Opened existing hwdb TOP_MTDS_wrapper_1
TRACE::2022-04-15.14:22:03::SCWPlatform::Found the Hw Db part of the input DSA
TRACE::2022-04-15.14:22:03::SCWMssOS::Checking the sw design at  E:/Projects/MTDS/MTDS.vitis/MTDS_Platform/microblaze_0/standalone_domain/bsp/system.mss
TRACE::2022-04-15.14:22:03::SCWMssOS::DEBUG:  swdes dump  E:/Projects/MTDS/MTDS.vitis/MTDS_Platform/microblaze_0/standalone_domain/bsp/system.mss|system||

TRACE::2022-04-15.14:22:03::SCWMssOS::Sw design exists and opened at  E:/Projects/MTDS/MTDS.vitis/MTDS_Platform/microblaze_0/standalone_domain/bsp/system.mss
TRACE::2022-04-15.14:22:03::SCWReader::No isolation master present  
LOG::2022-04-15.14:22:13::SCWPlatform::Started generating the artifacts platform MTDS_Platform
TRACE::2022-04-15.14:22:13::SCWPlatform::Sanity checking of platform is completed
LOG::2022-04-15.14:22:13::SCWPlatform::Started generating the artifacts for system configuration MTDS_Platform
LOG::2022-04-15.14:22:13::SCWSystem::Checking the domain standalone_domain
LOG::2022-04-15.14:22:13::SCWSystem::Not a boot domain 
LOG::2022-04-15.14:22:13::SCWSystem::Started Processing the domain standalone_domain
TRACE::2022-04-15.14:22:13::SCWDomain::Generating domain artifcats
TRACE::2022-04-15.14:22:13::SCWMssOS::Generating standalone artifcats
TRACE::2022-04-15.14:22:13::SCWMssOS:: Copying the user libraries. 
TRACE::2022-04-15.14:22:13::SCWPlatform::Trying to open the hw design at E:/Projects/MTDS/MTDS.vitis/MTDS_Platform/hw/TOP_MTDS_wrapper.xsa
TRACE::2022-04-15.14:22:13::SCWPlatform::DSA given E:/Projects/MTDS/MTDS.vitis/MTDS_Platform/hw/TOP_MTDS_wrapper.xsa
TRACE::2022-04-15.14:22:13::SCWPlatform::DSA absoulate path E:/Projects/MTDS/MTDS.vitis/MTDS_Platform/hw/TOP_MTDS_wrapper.xsa
TRACE::2022-04-15.14:22:13::SCWPlatform::DSA directory E:/Projects/MTDS/MTDS.vitis/MTDS_Platform/hw
TRACE::2022-04-15.14:22:13::SCWPlatform:: Platform Path E:/Projects/MTDS/MTDS.vitis/MTDS_Platform/hw/TOP_MTDS_wrapper.xsa
TRACE::2022-04-15.14:22:13::SCWPlatform:: Unique name xilinx:arty-a7-100::0.0
TRACE::2022-04-15.14:22:13::SCWPlatform::Trying to set the existing hwdb with name TOP_MTDS_wrapper_1
TRACE::2022-04-15.14:22:13::SCWPlatform::Opened existing hwdb TOP_MTDS_wrapper_1
TRACE::2022-04-15.14:22:13::SCWPlatform::Found the Hw Db part of the input DSA
TRACE::2022-04-15.14:22:13::SCWMssOS::Checking the sw design at  E:/Projects/MTDS/MTDS.vitis/MTDS_Platform/microblaze_0/standalone_domain/bsp/system.mss
TRACE::2022-04-15.14:22:13::SCWMssOS::DEBUG:  swdes dump  E:/Projects/MTDS/MTDS.vitis/MTDS_Platform/microblaze_0/standalone_domain/bsp/system.mss|system||

TRACE::2022-04-15.14:22:13::SCWMssOS::Sw design exists and opened at  E:/Projects/MTDS/MTDS.vitis/MTDS_Platform/microblaze_0/standalone_domain/bsp/system.mss
TRACE::2022-04-15.14:22:13::SCWMssOS::Completed writing the mss file at E:/Projects/MTDS/MTDS.vitis/MTDS_Platform/microblaze_0/standalone_domain/bsp
TRACE::2022-04-15.14:22:13::SCWMssOS::Mss edits present, copying mssfile into export location E:/Projects/MTDS/MTDS.vitis/MTDS_Platform/microblaze_0/standalone_domain/bsp/system.mss
TRACE::2022-04-15.14:22:13::SCWMssOS::bsp generated is upto date with the mss file. Skipping bsp generation.
TRACE::2022-04-15.14:22:13::SCWMssOS::BSP is already built. skipping the bsp build ... 
TRACE::2022-04-15.14:22:13::SCWDomain::Building the domain as part of full build :  standalone_domain
TRACE::2022-04-15.14:22:13::SCWMssOS::doing bsp build ... 
TRACE::2022-04-15.14:22:13::SCWMssOS::System Command Ran  E: & cd  E:/Projects/MTDS/MTDS.vitis/MTDS_Platform/microblaze_0/standalone_domain/bsp & make 
TRACE::2022-04-15.14:22:13::SCWMssOS::make --no-print-directory seq_libs

TRACE::2022-04-15.14:22:13::SCWMssOS::"Running Make include in microblaze_0/libsrc/bram_v4_7/src"

TRACE::2022-04-15.14:22:13::SCWMssOS::make -C microblaze_0/libsrc/bram_v4_7/src -s include  "SHELL=CMD" "COMPILER=mb-gcc" "ASSEMBLER=mb-as" "ARCHIVER=mb-ar" "COMPILE
TRACE::2022-04-15.14:22:13::SCWMssOS::R_FLAGS=  -O2 -c -mcpu=v11.0 -mlittle-endian -mxl-soft-mul" "EXTRA_COMPILER_FLAGS=-g -ffunction-sections -fdata-sections -Wall 
TRACE::2022-04-15.14:22:13::SCWMssOS::-Wextra -fno-tree-loop-distribute-patterns"

TRACE::2022-04-15.14:22:14::SCWMssOS::"Running Make include in microblaze_0/libsrc/cpu_v2_14/src"

TRACE::2022-04-15.14:22:14::SCWMssOS::make -C microblaze_0/libsrc/cpu_v2_14/src -s include  "SHELL=CMD" "COMPILER=mb-gcc" "ASSEMBLER=mb-as" "ARCHIVER=mb-ar" "COMPILE
TRACE::2022-04-15.14:22:14::SCWMssOS::R_FLAGS=  -O2 -c -mcpu=v11.0 -mlittle-endian -mxl-soft-mul" "EXTRA_COMPILER_FLAGS=-g -ffunction-sections -fdata-sections -Wall 
TRACE::2022-04-15.14:22:14::SCWMssOS::-Wextra -fno-tree-loop-distribute-patterns"

TRACE::2022-04-15.14:22:14::SCWMssOS::"Running Make include in microblaze_0/libsrc/intc_v3_13/src"

TRACE::2022-04-15.14:22:14::SCWMssOS::make -C microblaze_0/libsrc/intc_v3_13/src -s include  "SHELL=CMD" "COMPILER=mb-gcc" "ASSEMBLER=mb-as" "ARCHIVER=mb-ar" "COMPIL
TRACE::2022-04-15.14:22:14::SCWMssOS::ER_FLAGS=  -O2 -c -mcpu=v11.0 -mlittle-endian -mxl-soft-mul" "EXTRA_COMPILER_FLAGS=-g -ffunction-sections -fdata-sections -Wall
TRACE::2022-04-15.14:22:14::SCWMssOS:: -Wextra -fno-tree-loop-distribute-patterns"

TRACE::2022-04-15.14:22:14::SCWMssOS::"Running Make include in microblaze_0/libsrc/PmodMTDS_v1_0/src"

TRACE::2022-04-15.14:22:14::SCWMssOS::make -C microblaze_0/libsrc/PmodMTDS_v1_0/src -s include  "SHELL=CMD" "COMPILER=mb-gcc" "ASSEMBLER=mb-as" "ARCHIVER=mb-ar" "COM
TRACE::2022-04-15.14:22:14::SCWMssOS::PILER_FLAGS=  -O2 -c -mcpu=v11.0 -mlittle-endian -mxl-soft-mul" "EXTRA_COMPILER_FLAGS=-g -ffunction-sections -fdata-sections -W
TRACE::2022-04-15.14:22:14::SCWMssOS::all -Wextra -fno-tree-loop-distribute-patterns"

TRACE::2022-04-15.14:22:14::SCWMssOS::"Running Make include in microblaze_0/libsrc/standalone_v7_6/src"

TRACE::2022-04-15.14:22:14::SCWMssOS::make -C microblaze_0/libsrc/standalone_v7_6/src -s include  "SHELL=CMD" "COMPILER=mb-gcc" "ASSEMBLER=mb-as" "ARCHIVER=mb-ar" "C
TRACE::2022-04-15.14:22:14::SCWMssOS::OMPILER_FLAGS=  -O2 -c -mcpu=v11.0 -mlittle-endian -mxl-soft-mul" "EXTRA_COMPILER_FLAGS=-g -ffunction-sections -fdata-sections 
TRACE::2022-04-15.14:22:14::SCWMssOS::-Wall -Wextra -fno-tree-loop-distribute-patterns"

TRACE::2022-04-15.14:22:15::SCWMssOS::"Running Make libs in microblaze_0/libsrc/PmodMTDS_v1_0/src"

TRACE::2022-04-15.14:22:15::SCWMssOS::make -C microblaze_0/libsrc/PmodMTDS_v1_0/src -s libs  "SHELL=CMD" "COMPILER=mb-gcc" "ASSEMBLER=mb-as" "ARCHIVER=mb-ar" "COMPIL
TRACE::2022-04-15.14:22:15::SCWMssOS::ER_FLAGS=  -O2 -c -mcpu=v11.0 -mlittle-endian -mxl-soft-mul" "EXTRA_COMPILER_FLAGS=-g -ffunction-sections -fdata-sections -Wall
TRACE::2022-04-15.14:22:15::SCWMssOS:: -Wextra -fno-tree-loop-distribute-patterns"

TRACE::2022-04-15.14:22:15::SCWMssOS::"Compiling PmodMTDS"

TRACE::2022-04-15.14:22:17::SCWMssOS::'Finished building libraries sequentially.'

TRACE::2022-04-15.14:22:17::SCWMssOS::make -j 6 --no-print-directory par_libs

TRACE::2022-04-15.14:22:17::SCWMssOS::"Running Make include in microblaze_0/libsrc/bram_v4_7/src"

TRACE::2022-04-15.14:22:17::SCWMssOS::make -C microblaze_0/libsrc/bram_v4_7/src -s include  "SHELL=CMD" "COMPILER=mb-gcc" "ASSEMBLER=mb-as" "ARCHIVER=mb-ar" "COMPILE
TRACE::2022-04-15.14:22:17::SCWMssOS::R_FLAGS=  -O2 -c -mcpu=v11.0 -mlittle-endian -mxl-soft-mul" "EXTRA_COMPILER_FLAGS=-g -ffunction-sections -fdata-sections -Wall 
TRACE::2022-04-15.14:22:17::SCWMssOS::-Wextra -fno-tree-loop-distribute-patterns"

TRACE::2022-04-15.14:22:17::SCWMssOS::"Running Make include in microblaze_0/libsrc/cpu_v2_14/src"

TRACE::2022-04-15.14:22:17::SCWMssOS::make -C microblaze_0/libsrc/cpu_v2_14/src -s include  "SHELL=CMD" "COMPILER=mb-gcc" "ASSEMBLER=mb-as" "ARCHIVER=mb-ar" "COMPILE
TRACE::2022-04-15.14:22:17::SCWMssOS::R_FLAGS=  -O2 -c -mcpu=v11.0 -mlittle-endian -mxl-soft-mul" "EXTRA_COMPILER_FLAGS=-g -ffunction-sections -fdata-sections -Wall 
TRACE::2022-04-15.14:22:17::SCWMssOS::-Wextra -fno-tree-loop-distribute-patterns"

TRACE::2022-04-15.14:22:17::SCWMssOS::"Running Make include in microblaze_0/libsrc/intc_v3_13/src"

TRACE::2022-04-15.14:22:17::SCWMssOS::make -C microblaze_0/libsrc/intc_v3_13/src -s include  "SHELL=CMD" "COMPILER=mb-gcc" "ASSEMBLER=mb-as" "ARCHIVER=mb-ar" "COMPIL
TRACE::2022-04-15.14:22:17::SCWMssOS::ER_FLAGS=  -O2 -c -mcpu=v11.0 -mlittle-endian -mxl-soft-mul" "EXTRA_COMPILER_FLAGS=-g -ffunction-sections -fdata-sections -Wall
TRACE::2022-04-15.14:22:17::SCWMssOS:: -Wextra -fno-tree-loop-distribute-patterns"

TRACE::2022-04-15.14:22:17::SCWMssOS::"Running Make include in microblaze_0/libsrc/PmodMTDS_v1_0/src"

TRACE::2022-04-15.14:22:17::SCWMssOS::make -C microblaze_0/libsrc/PmodMTDS_v1_0/src -s include  "SHELL=CMD" "COMPILER=mb-gcc" "ASSEMBLER=mb-as" "ARCHIVER=mb-ar" "COM
TRACE::2022-04-15.14:22:17::SCWMssOS::PILER_FLAGS=  -O2 -c -mcpu=v11.0 -mlittle-endian -mxl-soft-mul" "EXTRA_COMPILER_FLAGS=-g -ffunction-sections -fdata-sections -W
TRACE::2022-04-15.14:22:17::SCWMssOS::all -Wextra -fno-tree-loop-distribute-patterns"

TRACE::2022-04-15.14:22:17::SCWMssOS::"Running Make include in microblaze_0/libsrc/standalone_v7_6/src"

TRACE::2022-04-15.14:22:17::SCWMssOS::make -C microblaze_0/libsrc/standalone_v7_6/src -s include  "SHELL=CMD" "COMPILER=mb-gcc" "ASSEMBLER=mb-as" "ARCHIVER=mb-ar" "C
TRACE::2022-04-15.14:22:17::SCWMssOS::OMPILER_FLAGS=  -O2 -c -mcpu=v11.0 -mlittle-endian -mxl-soft-mul" "EXTRA_COMPILER_FLAGS=-g -ffunction-sections -fdata-sections 
TRACE::2022-04-15.14:22:17::SCWMssOS::-Wall -Wextra -fno-tree-loop-distribute-patterns"

TRACE::2022-04-15.14:22:18::SCWMssOS::"Running Make libs in microblaze_0/libsrc/bram_v4_7/src"

TRACE::2022-04-15.14:22:18::SCWMssOS::make -C microblaze_0/libsrc/bram_v4_7/src -s libs  "SHELL=CMD" "COMPILER=mb-gcc" "ASSEMBLER=mb-as" "ARCHIVER=mb-ar" "COMPILER_F
TRACE::2022-04-15.14:22:18::SCWMssOS::LAGS=  -O2 -c -mcpu=v11.0 -mlittle-endian -mxl-soft-mul" "EXTRA_COMPILER_FLAGS=-g -ffunction-sections -fdata-sections -Wall -We
TRACE::2022-04-15.14:22:18::SCWMssOS::xtra -fno-tree-loop-distribute-patterns"

TRACE::2022-04-15.14:22:18::SCWMssOS::"Running Make libs in microblaze_0/libsrc/cpu_v2_14/src"

TRACE::2022-04-15.14:22:18::SCWMssOS::make -C microblaze_0/libsrc/cpu_v2_14/src -s libs  "SHELL=CMD" "COMPILER=mb-gcc" "ASSEMBLER=mb-as" "ARCHIVER=mb-ar" "COMPILER_F
TRACE::2022-04-15.14:22:18::SCWMssOS::LAGS=  -O2 -c -mcpu=v11.0 -mlittle-endian -mxl-soft-mul" "EXTRA_COMPILER_FLAGS=-g -ffunction-sections -fdata-sections -Wall -We
TRACE::2022-04-15.14:22:18::SCWMssOS::xtra -fno-tree-loop-distribute-patterns"

TRACE::2022-04-15.14:22:18::SCWMssOS::"Running Make libs in microblaze_0/libsrc/intc_v3_13/src"

TRACE::2022-04-15.14:22:18::SCWMssOS::make -C microblaze_0/libsrc/intc_v3_13/src -s libs  "SHELL=CMD" "COMPILER=mb-gcc" "ASSEMBLER=mb-as" "ARCHIVER=mb-ar" "COMPILER_
TRACE::2022-04-15.14:22:18::SCWMssOS::FLAGS=  -O2 -c -mcpu=v11.0 -mlittle-endian -mxl-soft-mul" "EXTRA_COMPILER_FLAGS=-g -ffunction-sections -fdata-sections -Wall -W
TRACE::2022-04-15.14:22:18::SCWMssOS::extra -fno-tree-loop-distribute-patterns"

TRACE::2022-04-15.14:22:18::SCWMssOS::"Running Make libs in microblaze_0/libsrc/standalone_v7_6/src"

TRACE::2022-04-15.14:22:18::SCWMssOS::make -C microblaze_0/libsrc/standalone_v7_6/src -s libs  "SHELL=CMD" "COMPILER=mb-gcc" "ASSEMBLER=mb-as" "ARCHIVER=mb-ar" "COMP
TRACE::2022-04-15.14:22:18::SCWMssOS::ILER_FLAGS=  -O2 -c -mcpu=v11.0 -mlittle-endian -mxl-soft-mul" "EXTRA_COMPILER_FLAGS=-g -ffunction-sections -fdata-sections -Wa
TRACE::2022-04-15.14:22:18::SCWMssOS::ll -Wextra -fno-tree-loop-distribute-patterns"

TRACE::2022-04-15.14:22:20::SCWMssOS::"DEBUG NON_LTO_OBJECTS is ../../../lib/microblaze_interrupt_handler.o"

TRACE::2022-04-15.14:22:20::SCWMssOS::'Finished building libraries parallelly.'

TRACE::2022-04-15.14:22:20::SCWMssOS::make --no-print-directory archive

TRACE::2022-04-15.14:22:20::SCWMssOS::mb-ar -r  microblaze_0/lib/libxil.a microblaze_0/lib/xplatform_info.o microblaze_0/lib/microblaze_disable_exceptions.o microbla
TRACE::2022-04-15.14:22:20::SCWMssOS::ze_0/lib/print.o microblaze_0/lib/_exit.o microblaze_0/lib/xil_testio.o microblaze_0/lib/microblaze_disable_dcache.o microblaze
TRACE::2022-04-15.14:22:20::SCWMssOS::_0/lib/microblaze_flush_dcache_range.o microblaze_0/lib/microblaze_flush_cache_ext.o microblaze_0/lib/xbram_sinit.o microblaze_
TRACE::2022-04-15.14:22:20::SCWMssOS::0/lib/xil_misc_psreset_api.o microblaze_0/lib/xil_cache.o microblaze_0/lib/xil_util.o microblaze_0/lib/inbyte.o microblaze_0/li
TRACE::2022-04-15.14:22:20::SCWMssOS::b/xbram_g.o microblaze_0/lib/microblaze_exception_handler.o microblaze_0/lib/microblaze_scrub.o microblaze_0/lib/microblaze_inv
TRACE::2022-04-15.14:22:20::SCWMssOS::alidate_dcache.o microblaze_0/lib/microblaze_disable_interrupts.o microblaze_0/lib/xbram_selftest.o microblaze_0/lib/microblaze
TRACE::2022-04-15.14:22:20::SCWMssOS::_interrupt_handler.o microblaze_0/lib/microblaze_disable_icache.o microblaze_0/lib/xil_mem.o microblaze_0/lib/microblaze_flush_
TRACE::2022-04-15.14:22:20::SCWMssOS::cache_ext_range.o microblaze_0/lib/xbram_intr.o microblaze_0/lib/xil_sleepcommon.o microblaze_0/lib/xil_printf.o microblaze_0/l
TRACE::2022-04-15.14:22:20::SCWMssOS::ib/xintc_g.o microblaze_0/lib/xintc_selftest.o microblaze_0/lib/xintc_l.o microblaze_0/lib/outbyte.o microblaze_0/lib/microblaz
TRACE::2022-04-15.14:22:20::SCWMssOS::e_invalidate_dcache_range.o microblaze_0/lib/microblaze_invalidate_cache_ext.o microblaze_0/lib/microblaze_sleep.o microblaze_0
TRACE::2022-04-15.14:22:20::SCWMssOS::/lib/hw_exception_handler.o microblaze_0/lib/xintc_intr.o microblaze_0/lib/microblaze_update_dcache.o microblaze_0/lib/xil_test
TRACE::2022-04-15.14:22:20::SCWMssOS::cache.o microblaze_0/lib/microblaze_selftest.o microblaze_0/lib/microblaze_interrupts_g.o microblaze_0/lib/microblaze_enable_ex
TRACE::2022-04-15.14:22:20::SCWMssOS::ceptions.o microblaze_0/lib/xio.o microblaze_0/lib/microblaze_enable_dcache.o microblaze_0/lib/xbram.o microblaze_0/lib/microbl
TRACE::2022-04-15.14:22:20::SCWMssOS::aze_invalidate_icache_range.o microblaze_0/lib/microblaze_init_dcache_range.o microblaze_0/lib/microblaze_invalidate_icache.o m
TRACE::2022-04-15.14:22:20::SCWMssOS::icroblaze_0/lib/errno.o microblaze_0/lib/xintc_options.o microblaze_0/lib/microblaze_invalidate_cache_ext_range.o microblaze_0/
TRACE::2022-04-15.14:22:20::SCWMssOS::lib/xil_exception.o microblaze_0/lib/pvr.o microblaze_0/lib/xil_testmem.o microblaze_0/lib/microblaze_update_icache.o microblaz
TRACE::2022-04-15.14:22:20::SCWMssOS::e_0/lib/microblaze_flush_dcache.o microblaze_0/lib/xil_clocking.o microblaze_0/lib/xil_assert.o microblaze_0/lib/microblaze_ena
TRACE::2022-04-15.14:22:20::SCWMssOS::ble_interrupts.o microblaze_0/lib/microblaze_enable_icache.o microblaze_0/lib/xintc.o microblaze_0/lib/fcntl.o microblaze_0/lib
TRACE::2022-04-15.14:22:20::SCWMssOS::/microblaze_init_icache_range.o

TRACE::2022-04-15.14:22:20::SCWMssOS::'Finished building libraries'

TRACE::2022-04-15.14:22:20::SCWMssOS::Copying to export directory.
TRACE::2022-04-15.14:22:20::SCWMssOS:: Checking if to create the Supporting Applications
TRACE::2022-04-15.14:22:20::SCWMssOS:: No Linux domain exists, trying to generate FSBL 
LOG::2022-04-15.14:22:20::SCWSystem::Completed Processing the domain standalone_domain
LOG::2022-04-15.14:22:20::SCWSystem::Completed Processing the sysconfig MTDS_Platform
LOG::2022-04-15.14:22:20::SCWPlatform::Completed generating the artifacts for system configuration MTDS_Platform
TRACE::2022-04-15.14:22:20::SCWPlatform::Started preparing the platform 
TRACE::2022-04-15.14:22:20::SCWSystem::Writing the bif file for system config MTDS_Platform
TRACE::2022-04-15.14:22:20::SCWSystem::dir created 
TRACE::2022-04-15.14:22:20::SCWSystem::Writing the bif 
TRACE::2022-04-15.14:22:20::SCWPlatform::Started writing the spfm file 
TRACE::2022-04-15.14:22:20::SCWPlatform::Started writing the xpfm file 
TRACE::2022-04-15.14:22:20::SCWPlatform::Completed generating the platform
TRACE::2022-04-15.14:22:20::SCWMssOS::Saving the mss changes E:/Projects/MTDS/MTDS.vitis/MTDS_Platform/microblaze_0/standalone_domain/bsp/system.mss
TRACE::2022-04-15.14:22:20::SCWMssOS::Found a swdesign opened with the mssfile.
TRACE::2022-04-15.14:22:20::SCWMssOS::Completed writemss as part of save.
TRACE::2022-04-15.14:22:20::SCWMssOS::Commit changes completed.
TRACE::2022-04-15.14:22:20::SCWPlatform::Trying to open the hw design at E:/Projects/MTDS/MTDS.vitis/MTDS_Platform/hw/TOP_MTDS_wrapper.xsa
TRACE::2022-04-15.14:22:20::SCWPlatform::DSA given E:/Projects/MTDS/MTDS.vitis/MTDS_Platform/hw/TOP_MTDS_wrapper.xsa
TRACE::2022-04-15.14:22:20::SCWPlatform::DSA absoulate path E:/Projects/MTDS/MTDS.vitis/MTDS_Platform/hw/TOP_MTDS_wrapper.xsa
TRACE::2022-04-15.14:22:20::SCWPlatform::DSA directory E:/Projects/MTDS/MTDS.vitis/MTDS_Platform/hw
TRACE::2022-04-15.14:22:20::SCWPlatform:: Platform Path E:/Projects/MTDS/MTDS.vitis/MTDS_Platform/hw/TOP_MTDS_wrapper.xsa
TRACE::2022-04-15.14:22:20::SCWPlatform:: Unique name xilinx:arty-a7-100::0.0
TRACE::2022-04-15.14:22:20::SCWPlatform::Trying to set the existing hwdb with name TOP_MTDS_wrapper_1
TRACE::2022-04-15.14:22:20::SCWPlatform::Opened existing hwdb TOP_MTDS_wrapper_1
TRACE::2022-04-15.14:22:20::SCWPlatform::Found the Hw Db part of the input DSA
TRACE::2022-04-15.14:22:20::SCWMssOS::Checking the sw design at  E:/Projects/MTDS/MTDS.vitis/MTDS_Platform/microblaze_0/standalone_domain/bsp/system.mss
TRACE::2022-04-15.14:22:20::SCWMssOS::DEBUG:  swdes dump  E:/Projects/MTDS/MTDS.vitis/MTDS_Platform/microblaze_0/standalone_domain/bsp/system.mss|system||

TRACE::2022-04-15.14:22:20::SCWMssOS::Sw design exists and opened at  E:/Projects/MTDS/MTDS.vitis/MTDS_Platform/microblaze_0/standalone_domain/bsp/system.mss
TRACE::2022-04-15.14:22:20::SCWWriter::formatted JSON is {
	"platformName":	"MTDS_Platform",
	"sprVersion":	"2.0",
	"mode":	"gui",
	"dsaType":	"Fixed",
	"platformDesc":	"MTDS_Platform",
	"platHandOff":	"E:/Projects/MTDS/TOP_MTDS_wrapper.xsa",
	"platIntHandOff":	"<platformDir>/hw/TOP_MTDS_wrapper.xsa",
	"deviceType":	"FPGA",
	"platIsPrebuiltAutogen":	"false",
	"platIsNoBootBsp":	"false",
	"hasFsblMakeHasChanges":	"false",
	"hasPmufwMakeHasChanges":	"false",
	"platPreBuiltFlag":	false,
	"platformSamplesDir":	"",
	"platActiveSys":	"MTDS_Platform",
	"systems":	[{
			"systemName":	"MTDS_Platform",
			"systemDesc":	"MTDS_Platform",
			"sysIsBootAutoGen":	"true",
			"systemDispName":	"MTDS_Platform",
			"sysActiveDom":	"standalone_domain",
			"sysDefaultDom":	"standalone_domain",
			"domains":	[{
					"domainName":	"standalone_domain",
					"domainDispName":	"standalone on microblaze_0",
					"domainDesc":	"standalone_domain",
					"processors":	"microblaze_0",
					"os":	"standalone",
					"sdxOs":	"standalone",
					"debugEnable":	"False",
					"domRuntimes":	["cpp"],
					"swRepo":	"",
					"mssOsVer":	"7.6",
					"mssFile":	"",
					"md5Digest":	"84daeddfdb4aa1b80c8789a1237ab70c",
					"compatibleApp":	"",
					"domType":	"mssDomain",
					"arch":	"32-bit",
					"appSettings":	{
						"appCompilerFlags":	"",
						"appLinkerFlags":	""
					},
					"addedLibs":	[],
					"libOptions":	{
						"libsContainingOptions":	[]
					},
					"prebuiltLibs":	{
						"prebuiltIncPath":	[],
						"prebuiltLibPath":	[]
					},
					"isolation":	{
					}
				}]
		}]
}
KEYINFO::2022-04-15.14:22:20::SCWPlatform::updated the xpfm file.
TRACE::2022-04-15.14:22:21::SCWPlatform::Trying to open the hw design at E:/Projects/MTDS/MTDS.vitis/MTDS_Platform/hw/TOP_MTDS_wrapper.xsa
TRACE::2022-04-15.14:22:21::SCWPlatform::DSA given E:/Projects/MTDS/MTDS.vitis/MTDS_Platform/hw/TOP_MTDS_wrapper.xsa
TRACE::2022-04-15.14:22:21::SCWPlatform::DSA absoulate path E:/Projects/MTDS/MTDS.vitis/MTDS_Platform/hw/TOP_MTDS_wrapper.xsa
TRACE::2022-04-15.14:22:21::SCWPlatform::DSA directory E:/Projects/MTDS/MTDS.vitis/MTDS_Platform/hw
TRACE::2022-04-15.14:22:21::SCWPlatform:: Platform Path E:/Projects/MTDS/MTDS.vitis/MTDS_Platform/hw/TOP_MTDS_wrapper.xsa
TRACE::2022-04-15.14:22:21::SCWPlatform:: Unique name xilinx:arty-a7-100::0.0
TRACE::2022-04-15.14:22:21::SCWPlatform::Trying to set the existing hwdb with name TOP_MTDS_wrapper_1
TRACE::2022-04-15.14:22:21::SCWPlatform::Opened existing hwdb TOP_MTDS_wrapper_1
TRACE::2022-04-15.14:22:21::SCWPlatform::Found the Hw Db part of the input DSA
TRACE::2022-04-15.14:22:21::SCWMssOS::Checking the sw design at  E:/Projects/MTDS/MTDS.vitis/MTDS_Platform/microblaze_0/standalone_domain/bsp/system.mss
TRACE::2022-04-15.14:22:21::SCWMssOS::DEBUG:  swdes dump  E:/Projects/MTDS/MTDS.vitis/MTDS_Platform/microblaze_0/standalone_domain/bsp/system.mss|system||

TRACE::2022-04-15.14:22:21::SCWMssOS::Sw design exists and opened at  E:/Projects/MTDS/MTDS.vitis/MTDS_Platform/microblaze_0/standalone_domain/bsp/system.mss
